TN:
SF:script/AddTemplate.s.sol
FN:23,AddTemplate.run
FNDA:0,AddTemplate.run
DA:24,0
DA:25,0
DA:27,0
DA:29,0
DA:42,0
DA:43,0
DA:44,0
DA:45,0
DA:47,0
DA:49,0
FNF:1
FNH:0
LF:10
LH:0
BRF:0
BRH:0
end_of_record
TN:
SF:script/DeployFeeRecipientProxy.s.sol
FN:11,Deploy.run
FNDA:0,Deploy.run
DA:12,0
DA:13,0
DA:15,0
DA:17,0
DA:19,0
FNF:1
FNH:0
LF:5
LH:0
BRF:0
BRH:0
end_of_record
TN:
SF:script/DeployVault.s.sol
FN:20,SetRageQuit.run
FNDA:0,SetRageQuit.run
DA:21,0
DA:22,0
DA:24,0
DA:26,0
DA:28,0
DA:64,0
FN:67,SetRageQuit.setPermission
FNDA:0,SetRageQuit.setPermission
DA:72,0
DA:73,0
DA:74,0
DA:75,0
DA:76,0
FNF:2
FNH:0
LF:11
LH:0
BRF:0
BRH:0
end_of_record
TN:
SF:script/DeployVaultSystem.s.sol
FN:90,DeployVaultSystem.run
FNDA:0,DeployVaultSystem.run
DA:91,0
DA:92,0
DA:94,0
DA:96,0
DA:167,0
DA:296,0
FN:299,DeployVaultSystem.deployDeploymentController
FNDA:0,DeployVaultSystem.deployDeploymentController
DA:300,0
DA:301,0
DA:302,0
DA:306,0
DA:317,0
DA:318,0
DA:319,0
DA:320,0
FN:323,DeployVaultSystem.addTemplate
FNDA:0,DeployVaultSystem.addTemplate
DA:343,0
DA:344,0
DA:345,0
DA:346,0
DA:347,0
BRDA:347,0,0,-
BRDA:347,0,1,-
DA:348,0
FN:354,DeployVaultSystem.setPermission
FNDA:0,DeployVaultSystem.setPermission
DA:359,0
DA:360,0
DA:361,0
DA:362,0
DA:363,0
FNF:4
FNH:0
LF:25
LH:0
BRF:2
BRH:0
end_of_record
TN:
SF:script/ProposeAdapter.s.sol
FN:18,ProposeAdapter.run
FNDA:0,ProposeAdapter.run
DA:19,0
DA:20,0
DA:22,0
DA:24,0
DA:25,0
DA:34,0
DA:36,0
DA:37,0
FNF:1
FNH:0
LF:8
LH:0
BRF:0
BRH:0
end_of_record
TN:
SF:script/SetRageQuit.s.sol
FN:14,SetRageQuit.run
FNDA:0,SetRageQuit.run
DA:15,0
DA:16,0
DA:18,0
DA:20,0
DA:24,0
DA:26,0
DA:29,0
FNF:1
FNH:0
LF:7
LH:0
BRF:0
BRH:0
end_of_record
TN:
SF:script/SwapAdapter.s.sol
FN:17,SwapAdapter.run
FNDA:0,SwapAdapter.run
DA:18,0
DA:19,0
DA:21,0
DA:23,0
DA:25,0
DA:26,0
FNF:1
FNH:0
LF:6
LH:0
BRF:0
BRH:0
end_of_record
TN:
SF:src/utils/BytesLib.sol
FN:12,BytesLib.concat
FNDA:0,BytesLib.concat
DA:16,0
DA:21,0
DA:53,0
DA:58,0
DA:61,0
DA:86,0
FN:89,BytesLib.concatStorage
FNDA:0,BytesLib.concatStorage
FN:232,BytesLib.slice
FNDA:0,BytesLib.slice
DA:237,0
BRDA:237,0,0,-
BRDA:237,0,1,-
DA:238,0
BRDA:238,1,0,-
BRDA:238,1,1,-
DA:240,0
DA:303,0
FN:306,BytesLib.toAddress
FNDA:0,BytesLib.toAddress
DA:310,0
BRDA:310,2,0,-
BRDA:310,2,1,-
DA:311,0
DA:314,0
DA:320,0
FN:323,BytesLib.toUint8
FNDA:0,BytesLib.toUint8
DA:327,0
BRDA:327,3,0,-
BRDA:327,3,1,-
DA:328,0
DA:331,0
DA:334,0
FN:337,BytesLib.toUint16
FNDA:0,BytesLib.toUint16
DA:341,0
BRDA:341,4,0,-
BRDA:341,4,1,-
DA:342,0
DA:345,0
DA:348,0
FN:351,BytesLib.toUint24
FNDA:0,BytesLib.toUint24
DA:355,0
BRDA:355,5,0,-
BRDA:355,5,1,-
DA:356,0
BRDA:356,6,0,-
BRDA:356,6,1,-
DA:357,0
DA:360,0
DA:363,0
FN:366,BytesLib.toUint32
FNDA:0,BytesLib.toUint32
DA:370,0
BRDA:370,7,0,-
BRDA:370,7,1,-
DA:371,0
DA:374,0
DA:377,0
FN:380,BytesLib.toUint64
FNDA:0,BytesLib.toUint64
DA:384,0
BRDA:384,8,0,-
BRDA:384,8,1,-
DA:385,0
DA:388,0
DA:391,0
FN:394,BytesLib.toUint96
FNDA:0,BytesLib.toUint96
DA:398,0
BRDA:398,9,0,-
BRDA:398,9,1,-
DA:399,0
DA:402,0
DA:405,0
FN:408,BytesLib.toUint128
FNDA:0,BytesLib.toUint128
DA:412,0
BRDA:412,10,0,-
BRDA:412,10,1,-
DA:413,0
DA:416,0
DA:419,0
FN:422,BytesLib.toUint256
FNDA:0,BytesLib.toUint256
DA:426,0
BRDA:426,11,0,-
BRDA:426,11,1,-
DA:427,0
DA:430,0
DA:433,0
FN:436,BytesLib.toBytes32
FNDA:0,BytesLib.toBytes32
DA:440,0
BRDA:440,12,0,-
BRDA:440,12,1,-
DA:441,0
DA:444,0
DA:447,0
FN:450,BytesLib.equal
FNDA:0,BytesLib.equal
DA:454,0
DA:493,0
FN:496,BytesLib.equalStorage
FNDA:0,BytesLib.equalStorage
DA:500,0
DA:566,0
FNF:15
FNH:0
LF:55
LH:0
BRF:26
BRH:0
end_of_record
TN:
SF:src/utils/EIP165.sol
FN:7,EIP165.supportsInterface
FNDA:0,EIP165.supportsInterface
FN:7,EIP165.supportsInterface
FNDA:0,EIP165.supportsInterface
FNF:2
FNH:0
LF:0
LH:0
BRF:0
BRH:0
end_of_record
TN:
SF:src/utils/MultiRewardEscrow.sol
FN:39,MultiRewardEscrow.getEscrowIdsByUser
FNDA:18,MultiRewardEscrow.getEscrowIdsByUser
DA:40,18
FN:43,MultiRewardEscrow.getEscrowIdsByUserAndToken
FNDA:4,MultiRewardEscrow.getEscrowIdsByUserAndToken
DA:44,4
FN:52,MultiRewardEscrow.getEscrows
FNDA:7,MultiRewardEscrow.getEscrows
DA:53,7
DA:54,7
DA:55,11
DA:57,7
FN:89,MultiRewardEscrow.lock
FNDA:28,MultiRewardEscrow.lock
DA:96,28
BRDA:96,0,0,-
BRDA:96,0,1,28
DA:97,28
BRDA:97,1,0,-
BRDA:97,1,1,28
DA:98,28
BRDA:98,2,0,-
BRDA:98,2,1,28
DA:99,28
BRDA:99,3,0,-
BRDA:99,3,1,28
DA:101,28
DA:103,28
DA:105,28
DA:107,28
DA:108,28
BRDA:108,4,0,2
BRDA:108,4,1,28
DA:109,2
DA:111,2
DA:112,2
DA:115,28
DA:117,28
DA:127,28
DA:128,28
DA:130,28
FN:141,MultiRewardEscrow.isClaimable
FNDA:5,MultiRewardEscrow.isClaimable
DA:142,5
FN:145,MultiRewardEscrow.getClaimableAmount
FNDA:7,MultiRewardEscrow.getClaimableAmount
DA:146,7
FN:155,MultiRewardEscrow.claimRewards
FNDA:6,MultiRewardEscrow.claimRewards
DA:156,6
DA:157,11
DA:158,11
DA:160,11
DA:161,11
BRDA:161,5,0,-
BRDA:161,5,1,11
DA:163,11
DA:164,11
DA:166,11
DA:167,11
FN:171,MultiRewardEscrow._getClaimableAmount
FNDA:18,MultiRewardEscrow._getClaimableAmount
DA:173,18
BRDA:172,6,0,2
BRDA:172,6,1,16
DA:178,2
DA:180,16
FN:208,MultiRewardEscrow.setFees
FNDA:3,MultiRewardEscrow.setFees
DA:209,3
BRDA:209,7,0,-
BRDA:209,7,1,3
DA:211,3
DA:212,5
BRDA:212,8,0,-
BRDA:212,8,1,-
DA:214,5
DA:215,5
FNF:9
FNH:9
LF:42
LH:42
BRF:18
BRH:10
end_of_record
TN:
SF:src/utils/MultiRewardStaking.sol
FN:41,MultiRewardStaking.initialize
FNDA:21,MultiRewardStaking.initialize
DA:46,21
DA:47,21
DA:49,21
DA:55,21
DA:61,21
DA:63,21
DA:65,21
DA:66,21
FN:69,MultiRewardStaking.name
FNDA:2,MultiRewardStaking.name
DA:75,23
FN:78,MultiRewardStaking.symbol
FNDA:2,MultiRewardStaking.symbol
DA:84,2
FN:87,MultiRewardStaking.decimals
FNDA:2,MultiRewardStaking.decimals
DA:93,79
FN:100,MultiRewardStaking.deposit
FNDA:19,MultiRewardStaking.deposit
DA:101,19
FN:104,MultiRewardStaking.mint
FNDA:1,MultiRewardStaking.mint
DA:105,1
FN:108,MultiRewardStaking.withdraw
FNDA:6,MultiRewardStaking.withdraw
DA:109,6
FN:112,MultiRewardStaking.redeem
FNDA:1,MultiRewardStaking.redeem
DA:113,1
FN:123,MultiRewardStaking._convertToShares
FNDA:1563,MultiRewardStaking._convertToShares
DA:127,1563
FN:130,MultiRewardStaking._convertToAssets
FNDA:1804,MultiRewardStaking._convertToAssets
DA:134,1804
FN:138,MultiRewardStaking._deposit
FNDA:535,MultiRewardStaking._deposit
DA:144,535
DA:146,535
DA:148,535
FN:152,MultiRewardStaking._withdraw
FNDA:521,MultiRewardStaking._withdraw
DA:159,521
BRDA:159,0,0,-
BRDA:159,0,1,521
DA:160,0
DA:162,521
DA:163,521
DA:165,521
FN:169,MultiRewardStaking._transfer
FNDA:3,MultiRewardStaking._transfer
DA:174,3
BRDA:174,1,0,-
BRDA:174,1,1,3
DA:175,0
DA:177,3
DA:178,3
BRDA:178,2,0,-
BRDA:178,2,1,3
DA:180,3
DA:181,3
DA:183,3
FN:208,MultiRewardStaking.claimRewards
FNDA:5,MultiRewardStaking.claimRewards
DA:212,5
DA:213,6
DA:215,6
BRDA:215,3,0,-
BRDA:215,3,1,-
DA:217,6
DA:219,6
DA:221,6
BRDA:221,4,0,-
BRDA:221,4,1,1
DA:222,1
DA:223,1
DA:225,5
DA:226,5
FN:237,MultiRewardStaking._lockToken
FNDA:1,MultiRewardStaking._lockToken
DA:243,1
DA:248,1
DA:250,1
DA:251,1
FN:305,MultiRewardStaking.addRewardToken
FNDA:39,MultiRewardStaking.addRewardToken
DA:314,39
BRDA:314,5,0,-
BRDA:314,5,1,39
DA:315,39
BRDA:315,6,0,-
BRDA:315,6,1,39
DA:316,0
DA:318,39
DA:319,39
BRDA:319,7,0,-
BRDA:319,7,1,39
DA:320,0
DA:322,39
BRDA:322,8,0,-
BRDA:322,8,1,36
DA:323,36
BRDA:323,9,0,-
BRDA:323,9,1,36
DA:324,0
DA:325,36
DA:329,39
DA:331,39
BRDA:331,10,0,-
BRDA:331,10,1,23
DA:332,23
BRDA:332,11,0,-
BRDA:332,11,1,23
DA:333,0
DA:334,23
DA:339,23
DA:342,39
DA:344,39
DA:354,39
DA:358,39
DA:366,39
FN:379,MultiRewardStaking.changeRewardSpeed
FNDA:5,MultiRewardStaking.changeRewardSpeed
DA:383,5
DA:385,5
BRDA:385,12,0,-
BRDA:385,12,1,5
DA:386,5
BRDA:386,13,0,-
BRDA:386,13,1,5
DA:387,0
DA:388,5
BRDA:388,14,0,-
BRDA:388,14,1,5
DA:389,0
DA:391,5
DA:393,5
DA:394,5
DA:395,5
DA:399,5
DA:404,5
DA:405,5
FN:415,MultiRewardStaking.fundReward
FNDA:5,MultiRewardStaking.fundReward
DA:416,5
BRDA:416,15,0,-
BRDA:416,15,1,5
DA:419,5
DA:421,5
BRDA:421,16,0,-
BRDA:421,16,1,5
DA:422,0
DA:425,5
BRDA:425,17,0,-
BRDA:425,17,1,5
DA:426,0
DA:429,5
DA:431,5
DA:436,5
DA:437,5
DA:438,5
BRDA:438,18,0,3
BRDA:438,18,1,5
DA:439,3
DA:444,3
DA:447,5
FN:454,MultiRewardStaking._calcRewardsEnd
FNDA:44,MultiRewardStaking._calcRewardsEnd
DA:459,44
BRDA:459,19,0,3
BRDA:459,19,1,44
DA:460,3
DA:464,44
FN:469,MultiRewardStaking.getAllRewardsTokens
FNDA:2,MultiRewardStaking.getAllRewardsTokens
DA:470,2
FN:498,MultiRewardStaking._accrueStatic
FNDA:45,MultiRewardStaking._accrueStatic
DA:501,45
DA:502,45
BRDA:502,20,0,41
BRDA:502,20,1,4
DA:503,41
DA:504,4
BRDA:504,21,0,3
BRDA:504,21,1,4
DA:505,3
DA:510,45
FN:514,MultiRewardStaking._accrueRewards
FNDA:47,MultiRewardStaking._accrueRewards
DA:515,47
DA:516,47
DA:517,47
BRDA:517,22,0,32
BRDA:517,22,1,47
DA:518,32
DA:528,47
DA:529,47
FN:535,MultiRewardStaking._accrueUser
FNDA:45,MultiRewardStaking._accrueUser
DA:536,45
DA:538,45
DA:542,45
BRDA:542,23,0,19
BRDA:542,23,1,45
DA:543,19
DA:546,45
DA:549,45
DA:557,45
DA:559,45
FN:573,MultiRewardStaking.permit
FNDA:1,MultiRewardStaking.permit
DA:582,1
BRDA:582,24,0,-
BRDA:582,24,1,1
DA:587,1
DA:611,1
BRDA:611,25,0,-
BRDA:611,25,1,1
DA:612,0
DA:614,1
FN:618,MultiRewardStaking.DOMAIN_SEPARATOR
FNDA:1,MultiRewardStaking.DOMAIN_SEPARATOR
DA:619,2
FN:625,MultiRewardStaking.computeDomainSeparator
FNDA:21,MultiRewardStaking.computeDomainSeparator
DA:626,21
FNF:26
FNH:26
LF:125
LH:114
BRF:52
BRH:31
end_of_record
TN:
SF:src/utils/Owned.sol
FN:17,Owned.nominateNewOwner
FNDA:12,Owned.nominateNewOwner
DA:18,12
DA:19,12
FN:22,Owned.acceptOwnership
FNDA:7,Owned.acceptOwnership
DA:23,7
BRDA:23,0,0,-
BRDA:23,0,1,7
DA:24,7
DA:25,7
DA:26,7
FN:34,Owned._onlyOwner
FNDA:1911,Owned._onlyOwner
DA:35,1911
BRDA:35,1,0,3
BRDA:35,1,1,1908
FNF:3
FNH:3
LF:7
LH:7
BRF:4
BRH:3
end_of_record
TN:
SF:src/utils/OwnedUpgradeable.sol
FN:13,OwnedUpgradeable.__Owned_init
FNDA:3,OwnedUpgradeable.__Owned_init
DA:14,3
BRDA:14,0,0,-
BRDA:14,0,1,3
DA:15,3
DA:16,3
FN:19,OwnedUpgradeable.nominateNewOwner
FNDA:0,OwnedUpgradeable.nominateNewOwner
DA:20,0
DA:21,0
FN:24,OwnedUpgradeable.acceptOwnership
FNDA:0,OwnedUpgradeable.acceptOwnership
DA:25,0
BRDA:25,1,0,-
BRDA:25,1,1,-
DA:26,0
DA:27,0
DA:28,0
FN:36,OwnedUpgradeable._onlyOwner
FNDA:24,OwnedUpgradeable._onlyOwner
DA:37,24
BRDA:37,2,0,-
BRDA:37,2,1,24
FN:13,OwnedUpgradeable.__Owned_init
FNDA:1899,OwnedUpgradeable.__Owned_init
DA:14,1899
BRDA:14,0,0,-
BRDA:14,0,1,1899
DA:15,1899
DA:16,1899
FN:19,OwnedUpgradeable.nominateNewOwner
FNDA:0,OwnedUpgradeable.nominateNewOwner
DA:20,0
DA:21,0
FN:24,OwnedUpgradeable.acceptOwnership
FNDA:0,OwnedUpgradeable.acceptOwnership
DA:25,0
BRDA:25,1,0,-
BRDA:25,1,1,-
DA:26,0
DA:27,0
DA:28,0
FN:36,OwnedUpgradeable._onlyOwner
FNDA:1322,OwnedUpgradeable._onlyOwner
DA:37,1322
BRDA:37,2,0,-
BRDA:37,2,1,1322
FNF:8
FNH:4
LF:20
LH:8
BRF:12
BRH:4
end_of_record
TN:
SF:src/utils/Path.sol
FN:26,Path.hasMultiplePools
FNDA:0,Path.hasMultiplePools
DA:27,0
FN:33,Path.numPools
FNDA:0,Path.numPools
DA:35,0
FN:43,Path.decodeFirstPool
FNDA:0,Path.decodeFirstPool
DA:46,0
DA:47,0
DA:48,0
FN:54,Path.getFirstPool
FNDA:0,Path.getFirstPool
DA:57,0
FN:63,Path.skipToken
FNDA:0,Path.skipToken
DA:64,0
FNF:5
FNH:0
LF:7
LH:0
BRF:0
BRH:0
end_of_record
TN:
SF:src/utils/UniswapV3Utils.sol
FN:12,UniswapV3Utils.swap
FNDA:1,UniswapV3Utils.swap
DA:17,1
FN:30,UniswapV3Utils.swap
FNDA:0,UniswapV3Utils.swap
DA:36,0
FN:40,UniswapV3Utils.pathToRoute
FNDA:0,UniswapV3Utils.pathToRoute
DA:43,0
DA:44,0
DA:45,0
DA:46,0
DA:47,0
DA:48,0
DA:49,0
DA:51,0
FN:56,UniswapV3Utils.routeToPath
FNDA:0,UniswapV3Utils.routeToPath
DA:60,0
DA:61,0
DA:62,0
DA:63,0
FNF:4
FNH:1
LF:14
LH:1
BRF:0
BRH:0
end_of_record
TN:
SF:src/vault/AdminProxy.sol
FN:21,AdminProxy.execute
FNDA:253,AdminProxy.execute
DA:25,253
DA:26,253
BRDA:26,0,0,-
BRDA:26,0,1,253
FNF:1
FNH:1
LF:2
LH:2
BRF:2
BRH:1
end_of_record
TN:
SF:src/vault/CloneFactory.sol
FN:39,CloneFactory.deploy
FNDA:90,CloneFactory.deploy
DA:40,89
DA:42,89
DA:43,89
BRDA:43,0,0,1
BRDA:43,0,1,70
DA:45,89
BRDA:45,1,0,1
BRDA:45,1,1,88
DA:47,88
FNF:1
FNH:1
LF:5
LH:5
BRF:4
BRH:4
end_of_record
TN:
SF:src/vault/CloneRegistry.sol
FN:41,CloneRegistry.addClone
FNDA:86,CloneRegistry.addClone
DA:46,85
DA:47,85
DA:48,85
DA:50,85
FN:57,CloneRegistry.getClonesByCategoryAndId
FNDA:0,CloneRegistry.getClonesByCategoryAndId
DA:62,0
FN:65,CloneRegistry.getAllClones
FNDA:0,CloneRegistry.getAllClones
DA:66,0
FNF:3
FNH:1
LF:6
LH:4
BRF:0
BRH:0
end_of_record
TN:
SF:src/vault/DeploymentController.sol
FN:55,DeploymentController.addTemplateCategory
FNDA:7,DeploymentController.addTemplateCategory
DA:56,7
FN:66,DeploymentController.addTemplate
FNDA:68,DeploymentController.addTemplate
DA:71,68
FN:80,DeploymentController.toggleTemplateEndorsement
FNDA:67,DeploymentController.toggleTemplateEndorsement
DA:81,67
FN:99,DeploymentController.deploy
FNDA:84,DeploymentController.deploy
DA:104,84
DA:106,84
BRDA:106,0,0,-
BRDA:106,0,1,84
DA:108,84
DA:110,84
FN:121,DeploymentController.nominateNewDependencyOwner
FNDA:2,DeploymentController.nominateNewDependencyOwner
DA:122,2
DA:123,2
DA:124,2
FN:131,DeploymentController.acceptDependencyOwnership
FNDA:2,DeploymentController.acceptDependencyOwnership
DA:132,2
DA:133,2
DA:134,2
FNF:6
FNH:6
LF:13
LH:13
BRF:2
BRH:1
end_of_record
TN:
SF:src/vault/FeeRecipientProxy.sol
FN:21,FeeRecipientProxy.approveToken
FNDA:5,FeeRecipientProxy.approveToken
DA:22,5
DA:23,5
DA:24,7
BRDA:24,0,0,-
BRDA:24,0,1,1
DA:26,6
DA:27,6
DA:30,4
FN:33,FeeRecipientProxy.voidTokenApproval
FNDA:2,FeeRecipientProxy.voidTokenApproval
DA:34,2
DA:35,2
DA:36,3
BRDA:36,1,0,-
BRDA:36,1,1,1
DA:38,2
DA:39,2
DA:42,1
FN:45,FeeRecipientProxy.acceptOwnership
FNDA:1,FeeRecipientProxy.acceptOwnership
DA:46,1
BRDA:46,2,0,-
BRDA:46,2,1,1
DA:47,1
BRDA:47,3,0,-
BRDA:47,3,1,1
DA:49,1
DA:51,1
DA:52,1
FNF:3
FNH:3
LF:17
LH:17
BRF:8
BRH:4
end_of_record
TN:
SF:src/vault/PermissionRegistry.sol
FN:38,PermissionRegistry.setPermissions
FNDA:1032,PermissionRegistry.setPermissions
DA:39,1032
DA:40,1032
BRDA:40,0,0,-
BRDA:40,0,1,1032
DA:42,1032
DA:43,1033
BRDA:43,1,0,-
BRDA:43,1,1,1033
DA:45,1033
DA:47,1033
FN:51,PermissionRegistry.endorsed
FNDA:1116,PermissionRegistry.endorsed
DA:52,1116
FN:55,PermissionRegistry.rejected
FNDA:79,PermissionRegistry.rejected
DA:56,79
FNF:3
FNH:3
LF:8
LH:8
BRF:4
BRH:2
end_of_record
TN:
SF:src/vault/TemplateRegistry.sol
FN:52,TemplateRegistry.addTemplateCategory
FNDA:10,TemplateRegistry.addTemplateCategory
DA:53,10
BRDA:53,0,0,-
BRDA:53,0,1,10
DA:55,10
DA:56,10
DA:58,10
FN:67,TemplateRegistry.addTemplate
FNDA:70,TemplateRegistry.addTemplate
DA:68,70
BRDA:68,1,0,-
BRDA:68,1,1,70
DA:69,70
BRDA:69,2,0,-
BRDA:69,2,1,70
DA:71,70
DA:72,70
DA:74,70
DA:75,70
DA:77,70
FN:98,TemplateRegistry.toggleTemplateEndorsement
FNDA:68,TemplateRegistry.toggleTemplateEndorsement
DA:99,68
BRDA:99,3,0,-
BRDA:99,3,1,68
DA:100,68
BRDA:100,4,0,-
BRDA:100,4,1,68
DA:102,68
DA:103,68
DA:105,68
FN:112,TemplateRegistry.getTemplateCategories
FNDA:3,TemplateRegistry.getTemplateCategories
DA:113,3
FN:116,TemplateRegistry.getTemplateIds
FNDA:2,TemplateRegistry.getTemplateIds
DA:117,2
FN:120,TemplateRegistry.getTemplate
FNDA:132,TemplateRegistry.getTemplate
DA:121,132
FNF:6
FNH:6
LF:19
LH:19
BRF:10
BRH:5
end_of_record
TN:
SF:src/vault/Vault.sol
FN:63,Vault.initialize
FNDA:21,Vault.initialize
DA:71,21
DA:72,21
DA:74,21
BRDA:74,0,0,-
BRDA:74,0,1,21
DA:75,21
BRDA:75,1,0,-
BRDA:75,1,1,21
DA:77,21
DA:79,21
DA:81,21
DA:83,21
DA:84,21
DA:87,21
BRDA:86,2,0,-
BRDA:86,2,1,21
DA:91,0
DA:92,21
DA:94,21
BRDA:94,3,0,-
BRDA:94,3,1,21
DA:95,21
DA:97,21
DA:101,21
DA:102,21
DA:103,21
DA:105,21
DA:107,21
DA:112,21
FN:118,Vault.name
FNDA:20,Vault.name
DA:124,62
FN:127,Vault.symbol
FNDA:20,Vault.symbol
DA:133,20
FN:136,Vault.decimals
FNDA:39,Vault.decimals
DA:142,39
FN:153,Vault.deposit
FNDA:0,Vault.deposit
DA:154,0
FN:163,Vault.deposit
FNDA:1545,Vault.deposit
DA:167,1544
BRDA:167,4,0,-
BRDA:167,4,1,1544
DA:168,1544
BRDA:168,5,0,1
BRDA:168,5,1,1543
DA:171,1543
BRDA:171,6,0,1287
BRDA:171,6,1,1543
DA:173,1543
DA:178,1543
DA:179,1543
BRDA:179,7,0,-
BRDA:179,7,1,1543
DA:181,1543
BRDA:181,8,0,169
BRDA:181,8,1,1543
DA:183,1543
DA:185,1543
DA:187,1543
DA:189,1543
FN:192,Vault.mint
FNDA:0,Vault.mint
DA:193,0
FN:202,Vault.mint
FNDA:260,Vault.mint
DA:206,259
BRDA:206,9,0,-
BRDA:206,9,1,259
DA:207,259
BRDA:207,10,0,-
BRDA:207,10,1,259
DA:210,259
BRDA:210,11,0,257
BRDA:210,11,1,259
DA:212,259
DA:214,259
DA:220,259
DA:222,259
BRDA:222,12,0,1
BRDA:222,12,1,258
DA:224,258
BRDA:224,13,0,-
BRDA:224,13,1,258
DA:226,258
DA:228,258
DA:230,258
DA:232,258
FN:235,Vault.withdraw
FNDA:0,Vault.withdraw
DA:236,0
FN:246,Vault.withdraw
FNDA:515,Vault.withdraw
DA:251,515
BRDA:251,14,0,-
BRDA:251,14,1,515
DA:252,515
BRDA:252,15,0,-
BRDA:252,15,1,515
DA:254,515
DA:255,515
BRDA:255,16,0,-
BRDA:255,16,1,515
DA:257,515
DA:259,515
DA:265,515
DA:267,515
BRDA:267,17,0,-
BRDA:267,17,1,515
DA:268,0
DA:270,515
DA:272,515
BRDA:272,18,0,256
BRDA:272,18,1,515
DA:274,515
DA:276,515
FN:279,Vault.redeem
FNDA:0,Vault.redeem
DA:280,0
FN:290,Vault.redeem
FNDA:515,Vault.redeem
DA:295,515
BRDA:295,19,0,-
BRDA:295,19,1,515
DA:296,515
BRDA:296,20,0,-
BRDA:296,20,1,515
DA:297,515
BRDA:297,21,0,-
BRDA:297,21,1,515
DA:299,515
BRDA:299,22,0,-
BRDA:299,22,1,515
DA:300,0
DA:302,515
DA:308,515
DA:310,515
DA:312,515
BRDA:312,23,0,256
BRDA:312,23,1,515
DA:314,515
DA:316,515
FN:324,Vault.totalAssets
FNDA:1281,Vault.totalAssets
DA:325,14137
FN:334,Vault.previewDeposit
FNDA:768,Vault.previewDeposit
DA:337,768
FN:349,Vault.previewMint
FNDA:0,Vault.previewMint
DA:352,0
DA:354,0
DA:360,0
FN:369,Vault.previewWithdraw
FNDA:768,Vault.previewWithdraw
DA:372,768
DA:374,768
DA:380,768
FN:389,Vault.previewRedeem
FNDA:256,Vault.previewRedeem
DA:392,256
DA:394,256
FN:401,Vault._convertToShares
FNDA:3601,Vault._convertToShares
DA:405,3601
FN:413,Vault._convertToAssets
FNDA:5395,Vault._convertToAssets
DA:417,5395
FN:430,Vault.maxDeposit
FNDA:0,Vault.maxDeposit
DA:431,1544
DA:432,1544
DA:433,1544
BRDA:433,24,0,-
BRDA:433,24,1,1544
DA:434,1544
FN:439,Vault.maxMint
FNDA:0,Vault.maxMint
DA:440,259
DA:441,259
DA:442,259
BRDA:442,25,0,-
BRDA:442,25,1,259
DA:443,259
FN:447,Vault.maxWithdraw
FNDA:0,Vault.maxWithdraw
DA:448,515
FN:452,Vault.maxRedeem
FNDA:0,Vault.maxRedeem
DA:453,515
FN:467,Vault.accruedManagementFee
FNDA:258,Vault.accruedManagementFee
DA:468,1800
DA:469,1800
FN:485,Vault.accruedPerformanceFee
FNDA:257,Vault.accruedPerformanceFee
DA:486,1799
DA:487,1799
DA:488,1799
DA:490,1799
FN:511,Vault.takeManagementAndPerformanceFees
FNDA:513,Vault.takeManagementAndPerformanceFees
FN:566,Vault.proposeFees
FNDA:1029,Vault.proposeFees
DA:568,1029
BRDA:567,26,0,-
BRDA:567,26,1,1029
DA:572,0
DA:574,1029
DA:575,1029
DA:577,1029
FN:581,Vault.changeFees
FNDA:1027,Vault.changeFees
DA:583,1027
BRDA:582,27,0,-
BRDA:582,27,1,1027
DA:585,0
DA:587,1027
DA:589,1027
DA:590,1027
DA:592,1027
DA:593,1027
FN:601,Vault.setFeeRecipient
FNDA:2,Vault.setFeeRecipient
DA:602,2
BRDA:602,28,0,-
BRDA:602,28,1,2
DA:604,2
DA:606,2
FN:626,Vault.proposeAdapter
FNDA:4,Vault.proposeAdapter
DA:627,4
BRDA:627,29,0,-
BRDA:627,29,1,4
DA:628,0
DA:630,4
DA:631,4
DA:633,4
FN:642,Vault.changeAdapter
FNDA:2,Vault.changeAdapter
DA:644,2
BRDA:643,30,0,-
BRDA:643,30,1,2
DA:646,0
DA:648,2
DA:654,2
DA:656,2
DA:658,2
DA:660,2
DA:662,2
DA:667,2
DA:668,2
FN:685,Vault.setQuitPeriod
FNDA:2,Vault.setQuitPeriod
DA:687,2
BRDA:686,31,0,-
BRDA:686,31,1,2
DA:689,0
DA:690,2
BRDA:690,32,0,-
BRDA:690,32,1,2
DA:691,0
DA:693,2
DA:695,2
FN:710,Vault.setDepositLimit
FNDA:2,Vault.setDepositLimit
DA:711,2
DA:713,2
FN:721,Vault.pause
FNDA:4,Vault.pause
DA:722,4
FN:726,Vault.unpause
FNDA:2,Vault.unpause
DA:727,2
FN:742,Vault.permit
FNDA:1,Vault.permit
DA:751,1
BRDA:751,33,0,-
BRDA:751,33,1,1
DA:756,1
DA:780,1
BRDA:780,34,0,-
BRDA:780,34,1,1
DA:781,0
DA:783,1
FN:787,Vault.DOMAIN_SEPARATOR
FNDA:1,Vault.DOMAIN_SEPARATOR
DA:788,2
FN:794,Vault.computeDomainSeparator
FNDA:21,Vault.computeDomainSeparator
DA:795,21
FNF:38
FNH:29
LF:150
LH:133
BRF:70
BRH:42
end_of_record
TN:
SF:src/vault/VaultController.sol
FN:94,VaultController.deployVault
FNDA:19,VaultController.deployVault
DA:103,19
DA:105,19
DA:107,19
BRDA:106,0,0,-
BRDA:106,0,1,19
DA:110,0
DA:112,19
BRDA:112,1,0,18
BRDA:112,1,1,19
DA:113,18
DA:122,19
DA:124,19
DA:125,19
BRDA:125,2,0,19
BRDA:125,2,1,19
DA:126,19
DA:131,19
DA:133,19
BRDA:133,3,0,-
BRDA:133,3,1,18
DA:134,18
BRDA:134,4,0,-
BRDA:134,4,1,18
DA:135,18
DA:138,19
DA:140,19
FN:148,VaultController._deployVault
FNDA:19,VaultController._deployVault
DA:152,19
DA:154,19
DA:164,19
FN:168,VaultController._registerCreatedVault
FNDA:19,VaultController._registerCreatedVault
DA:173,19
DA:174,19
DA:175,19
DA:177,19
FN:181,VaultController._handleVaultStakingRewards
FNDA:18,VaultController._handleVaultStakingRewards
DA:185,18
DA:186,18
DA:188,18
DA:189,18
DA:191,18
FN:194,VaultController._handleInitialDeposit
FNDA:27,VaultController._handleInitialDeposit
DA:199,27
BRDA:199,5,0,-
BRDA:199,5,1,2
DA:200,2
DA:201,2
DA:202,2
FN:216,VaultController.deployAdapter
FNDA:8,VaultController.deployAdapter
DA:222,8
DA:224,8
DA:231,8
FN:238,VaultController._deployAdapter
FNDA:26,VaultController._deployAdapter
DA:244,26
DA:245,26
DA:246,26
BRDA:246,6,0,-
BRDA:246,6,1,17
DA:247,17
DA:248,17
DA:253,26
FN:269,VaultController.__deployAdapter
FNDA:26,VaultController.__deployAdapter
DA:274,26
DA:284,26
DA:286,26
FN:296,VaultController._encodeAdapterData
FNDA:26,VaultController._encodeAdapterData
DA:300,26
FN:310,VaultController._deployStrategy
FNDA:17,VaultController._deployStrategy
DA:314,17
DA:319,17
FN:331,VaultController.deployStaking
FNDA:1,VaultController.deployStaking
DA:332,1
DA:333,1
FN:337,VaultController._deployStaking
FNDA:20,VaultController._deployStaking
DA:341,20
DA:356,20
FN:370,VaultController.proposeVaultAdapters
FNDA:2,VaultController.proposeVaultAdapters
DA:374,2
DA:376,2
DA:378,2
DA:379,2
DA:380,2
DA:381,2
BRDA:381,7,0,-
BRDA:381,7,1,-
DA:382,0
DA:384,2
FN:398,VaultController.changeVaultAdapters
FNDA:1,VaultController.changeVaultAdapters
DA:399,1
DA:400,1
DA:401,1
FN:414,VaultController.proposeVaultFees
FNDA:2,VaultController.proposeVaultFees
DA:418,2
DA:420,2
DA:422,2
DA:423,2
DA:425,2
FN:436,VaultController.changeVaultFees
FNDA:1,VaultController.changeVaultFees
DA:437,1
DA:438,1
DA:439,1
FN:453,VaultController.setVaultQuitPeriods
FNDA:1,VaultController.setVaultQuitPeriods
DA:457,1
DA:459,1
DA:461,1
DA:462,1
DA:464,1
FN:480,VaultController.setVaultFeeRecipients
FNDA:1,VaultController.setVaultFeeRecipients
DA:484,1
DA:486,1
DA:488,1
DA:489,1
DA:491,1
FN:506,VaultController.setVaultDepositLimits
FNDA:1,VaultController.setVaultDepositLimits
DA:510,1
DA:512,1
DA:514,1
DA:515,1
DA:517,1
FN:534,VaultController._registerVault
FNDA:19,VaultController._registerVault
DA:538,19
FN:557,VaultController.setPermissions
FNDA:1,VaultController.setPermissions
DA:562,1
FN:588,VaultController.addStakingRewardsTokens
FNDA:1,VaultController.addStakingRewardsTokens
DA:592,19
DA:593,19
DA:594,19
DA:595,19
DA:596,19
DA:604,19
DA:608,19
DA:609,19
DA:611,19
DA:620,19
DA:621,19
DA:627,19
FN:650,VaultController.changeStakingRewardsSpeeds
FNDA:1,VaultController.changeStakingRewardsSpeeds
DA:655,1
DA:657,1
DA:658,1
DA:660,1
DA:661,1
DA:662,1
DA:664,1
FN:682,VaultController.fundStakingRewards
FNDA:1,VaultController.fundStakingRewards
DA:687,1
DA:689,1
DA:690,1
DA:692,1
DA:693,1
DA:694,1
DA:696,1
DA:697,1
FN:717,VaultController.setEscrowTokenFees
FNDA:1,VaultController.setEscrowTokenFees
DA:721,1
FN:740,VaultController.addTemplateCategories
FNDA:2,VaultController.addTemplateCategories
DA:743,2
DA:744,2
DA:745,2
DA:746,2
FN:762,VaultController.toggleTemplateEndorsements
FNDA:64,VaultController.toggleTemplateEndorsements
DA:766,64
DA:767,64
DA:769,64
DA:770,64
DA:771,64
FN:787,VaultController.pauseAdapters
FNDA:2,VaultController.pauseAdapters
DA:788,2
DA:789,2
DA:790,2
FN:798,VaultController.unpauseAdapters
FNDA:1,VaultController.unpauseAdapters
DA:799,1
DA:800,1
DA:801,1
FN:809,VaultController.pauseVaults
FNDA:2,VaultController.pauseVaults
DA:810,2
DA:811,2
DA:812,2
DA:813,2
FN:821,VaultController.unpauseVaults
FNDA:1,VaultController.unpauseVaults
DA:822,1
DA:823,1
DA:824,1
DA:825,1
FN:842,VaultController._verifyCreatorOrOwner
FNDA:19,VaultController._verifyCreatorOrOwner
DA:845,19
DA:846,19
BRDA:846,8,0,-
BRDA:846,8,1,19
DA:847,0
FN:851,VaultController._verifyCreator
FNDA:11,VaultController._verifyCreator
DA:854,11
DA:855,11
BRDA:855,9,0,-
BRDA:855,9,1,11
FN:859,VaultController._verifyToken
FNDA:47,VaultController._verifyToken
DA:861,47
BRDA:860,10,0,-
BRDA:860,10,1,47
DA:868,0
FN:872,VaultController._verifyEqualArrayLength
FNDA:94,VaultController._verifyEqualArrayLength
DA:876,94
BRDA:876,11,0,-
BRDA:876,11,1,94
FN:898,VaultController.nominateNewAdminProxyOwner
FNDA:2,VaultController.nominateNewAdminProxyOwner
DA:899,2
FN:906,VaultController.acceptAdminProxyOwnership
FNDA:1,VaultController.acceptAdminProxyOwnership
DA:907,1
FN:926,VaultController.setPerformanceFee
FNDA:10,VaultController.setPerformanceFee
DA:928,10
BRDA:928,12,0,-
BRDA:928,12,1,10
DA:930,10
DA:932,10
FN:939,VaultController.setAdapterPerformanceFees
FNDA:1,VaultController.setAdapterPerformanceFees
DA:942,1
DA:943,1
DA:944,1
FN:970,VaultController.setHarvestCooldown
FNDA:10,VaultController.setHarvestCooldown
DA:972,10
BRDA:972,13,0,-
BRDA:972,13,1,10
DA:974,10
DA:976,10
FN:983,VaultController.setAdapterHarvestCooldowns
FNDA:1,VaultController.setAdapterHarvestCooldowns
DA:986,1
DA:987,1
DA:988,1
FN:1018,VaultController.setDeploymentController
FNDA:1,VaultController.setDeploymentController
DA:1021,1
FN:1024,VaultController._setDeploymentController
FNDA:1,VaultController._setDeploymentController
DA:1028,1
BRDA:1027,14,0,-
BRDA:1027,14,1,1
DA:1030,0
DA:1032,1
DA:1038,1
BRDA:1038,15,0,1
BRDA:1038,15,1,1
DA:1039,1
DA:1041,1
DA:1042,1
DA:1043,1
FN:1046,VaultController._transferDependencyOwnership
FNDA:1,VaultController._transferDependencyOwnership
DA:1049,1
DA:1057,1
FN:1083,VaultController.setActiveTemplateId
FNDA:1,VaultController.setActiveTemplateId
DA:1087,1
DA:1088,1
BRDA:1088,16,0,-
BRDA:1088,16,1,1
DA:1090,1
DA:1092,1
FNF:45
FNH:45
LF:175
LH:170
BRF:34
BRH:19
end_of_record
TN:
SF:src/vault/VaultRegistry.sol
FN:44,VaultRegistry.registerVault
FNDA:23,VaultRegistry.registerVault
DA:45,22
BRDA:45,0,0,1
BRDA:45,0,1,21
DA:47,21
DA:49,21
DA:50,21
DA:52,21
FN:59,VaultRegistry.getVault
FNDA:42,VaultRegistry.getVault
DA:60,42
FN:63,VaultRegistry.getVaultsByAsset
FNDA:0,VaultRegistry.getVaultsByAsset
DA:64,0
FN:67,VaultRegistry.getTotalVaults
FNDA:0,VaultRegistry.getTotalVaults
DA:68,0
FN:71,VaultRegistry.getRegisteredAddresses
FNDA:0,VaultRegistry.getRegisteredAddresses
DA:72,0
FN:75,VaultRegistry.getSubmitter
FNDA:0,VaultRegistry.getSubmitter
DA:76,0
FNF:6
FNH:2
LF:10
LH:6
BRF:2
BRH:2
end_of_record
TN:
SF:src/vault/VaultRouter.sol
FN:27,VaultRouter.depositAndStake
FNDA:0,VaultRouter.depositAndStake
DA:28,0
DA:29,0
BRDA:29,0,0,-
BRDA:29,0,1,-
DA:31,0
DA:32,0
DA:33,0
DA:35,0
DA:36,0
DA:37,0
FN:40,VaultRouter.redeemAndWithdraw
FNDA:0,VaultRouter.redeemAndWithdraw
DA:41,0
DA:42,0
BRDA:42,1,0,-
BRDA:42,1,1,-
DA:44,0
DA:46,0
FNF:2
FNH:0
LF:12
LH:0
BRF:4
BRH:0
end_of_record
TN:
SF:src/vault/adapter/aave/aaveV2/AaveV2Adapter.sol
FN:55,AaveV2Adapter.initialize
FNDA:1,AaveV2Adapter.initialize
DA:60,1
DA:62,1
DA:67,1
DA:69,1
DA:71,1
DA:72,1
BRDA:72,0,0,-
BRDA:72,0,1,-
DA:73,0
DA:75,1
DA:76,1
DA:78,1
FN:81,AaveV2Adapter.name
FNDA:1,AaveV2Adapter.name
DA:87,2
FN:90,AaveV2Adapter.symbol
FNDA:1,AaveV2Adapter.symbol
DA:96,1
FN:103,AaveV2Adapter._totalAssets
FNDA:17741,AaveV2Adapter._totalAssets
DA:104,17741
FN:108,AaveV2Adapter.rewardTokens
FNDA:0,AaveV2Adapter.rewardTokens
DA:114,0
DA:115,0
BRDA:115,1,0,-
BRDA:115,1,1,-
DA:116,0
FN:125,AaveV2Adapter._protocolDeposit
FNDA:3085,AaveV2Adapter._protocolDeposit
DA:129,3085
FN:133,AaveV2Adapter._protocolWithdraw
FNDA:1544,AaveV2Adapter._protocolWithdraw
DA:137,1544
FN:145,AaveV2Adapter.claim
FNDA:0,AaveV2Adapter.claim
DA:146,0
BRDA:146,2,0,-
BRDA:146,2,1,-
DA:148,0
DA:149,0
DA:151,0
FN:160,AaveV2Adapter.supportsInterface
FNDA:0,AaveV2Adapter.supportsInterface
DA:163,0
FNF:9
FNH:6
LF:23
LH:14
BRF:6
BRH:0
end_of_record
TN:
SF:src/vault/adapter/aave/aaveV3/AaveV3Adapter.sol
FN:53,AaveV3Adapter.initialize
FNDA:1,AaveV3Adapter.initialize
DA:58,1
DA:60,1
DA:65,1
DA:67,1
DA:69,1
DA:70,1
BRDA:70,0,0,-
BRDA:70,0,1,-
DA:71,0
DA:73,1
DA:74,1
DA:76,1
FN:79,AaveV3Adapter.name
FNDA:1,AaveV3Adapter.name
DA:85,2
FN:88,AaveV3Adapter.symbol
FNDA:1,AaveV3Adapter.symbol
DA:94,1
FN:101,AaveV3Adapter._totalAssets
FNDA:17741,AaveV3Adapter._totalAssets
DA:102,17741
FN:106,AaveV3Adapter.rewardTokens
FNDA:0,AaveV3Adapter.rewardTokens
DA:107,0
FN:115,AaveV3Adapter._protocolDeposit
FNDA:3085,AaveV3Adapter._protocolDeposit
DA:119,3085
FN:123,AaveV3Adapter._protocolWithdraw
FNDA:1544,AaveV3Adapter._protocolWithdraw
DA:127,1544
FN:135,AaveV3Adapter.claim
FNDA:0,AaveV3Adapter.claim
DA:136,0
BRDA:136,1,0,-
BRDA:136,1,1,-
DA:138,0
DA:139,0
DA:142,0
FN:156,AaveV3Adapter.supportsInterface
FNDA:0,AaveV3Adapter.supportsInterface
DA:159,0
FNF:9
FNH:6
LF:21
LH:14
BRF:4
BRH:0
end_of_record
TN:
SF:src/vault/adapter/abstracts/AdapterBase.sol
FN:60,AdapterBase.__AdapterBase_init
FNDA:3,AdapterBase.__AdapterBase_init
DA:63,3
DA:70,3
DA:74,3
DA:75,3
DA:76,3
DA:78,3
DA:79,3
DA:81,3
DA:83,3
DA:84,3
DA:85,3
DA:87,3
BRDA:87,0,0,3
BRDA:87,0,1,3
DA:89,3
DA:90,3
FN:93,AdapterBase.decimals
FNDA:3,AdapterBase.decimals
DA:94,3
FN:108,AdapterBase._deposit
FNDA:9252,AdapterBase._deposit
DA:114,9252
DA:116,9252
DA:117,9252
DA:119,9252
DA:121,9252
FN:128,AdapterBase._withdraw
FNDA:4626,AdapterBase._withdraw
DA:135,4626
BRDA:135,1,0,1536
BRDA:135,1,1,4626
DA:136,1536
DA:139,4626
BRDA:139,2,0,4620
BRDA:139,2,1,4626
DA:140,4620
DA:143,4626
DA:145,4626
DA:147,4626
DA:149,4626
FN:160,AdapterBase.totalAssets
FNDA:21,AdapterBase.totalAssets
DA:161,53250
FN:170,AdapterBase._totalAssets
FNDA:0,AdapterBase._totalAssets
FN:177,AdapterBase.convertToUnderlyingShares
FNDA:0,AdapterBase.convertToUnderlyingShares
FN:187,AdapterBase.previewDeposit
FNDA:768,AdapterBase.previewDeposit
DA:190,7707
FN:198,AdapterBase.previewMint
FNDA:5382,AdapterBase.previewMint
DA:201,7695
FN:204,AdapterBase._convertToShares
FNDA:12333,AdapterBase._convertToShares
DA:208,12333
FN:216,AdapterBase._convertToAssets
FNDA:40881,AdapterBase._convertToAssets
DA:220,40881
FN:237,AdapterBase.maxDeposit
FNDA:6,AdapterBase.maxDeposit
DA:240,6948
FN:248,AdapterBase.maxMint
FNDA:6,AdapterBase.maxMint
DA:249,2322
FN:267,AdapterBase.harvest
FNDA:3,AdapterBase.harvest
DA:269,13881
BRDA:268,3,0,-
BRDA:268,3,1,-
DA:273,0
DA:276,0
BRDA:276,4,0,-
BRDA:276,4,1,-
DA:277,0
DA:280,13881
FN:287,AdapterBase.strategyDeposit
FNDA:0,AdapterBase.strategyDeposit
DA:291,0
FN:298,AdapterBase.strategyWithdraw
FNDA:0,AdapterBase.strategyWithdraw
DA:302,0
FN:310,AdapterBase._verifyAndSetupStrategy
FNDA:3,AdapterBase._verifyAndSetupStrategy
DA:311,3
DA:312,3
DA:313,3
FN:333,AdapterBase.setHarvestCooldown
FNDA:3,AdapterBase.setHarvestCooldown
DA:335,3
BRDA:335,5,0,-
BRDA:335,5,1,3
DA:337,3
DA:339,3
FN:362,AdapterBase.accruedPerformanceFee
FNDA:0,AdapterBase.accruedPerformanceFee
DA:363,13881
DA:364,13881
DA:365,13881
DA:367,13881
FN:382,AdapterBase.setPerformanceFee
FNDA:6,AdapterBase.setPerformanceFee
DA:384,6
BRDA:384,6,0,-
BRDA:384,6,1,6
DA:386,6
DA:388,6
FN:407,AdapterBase.pause
FNDA:12,AdapterBase.pause
DA:408,12
DA:409,12
FN:413,AdapterBase.unpause
FNDA:3,AdapterBase.unpause
DA:414,3
DA:415,3
FN:423,AdapterBase._protocolDeposit
FNDA:0,AdapterBase._protocolDeposit
FN:428,AdapterBase._protocolWithdraw
FNDA:0,AdapterBase._protocolWithdraw
FN:439,AdapterBase.supportsInterface
FNDA:0,AdapterBase.supportsInterface
DA:442,0
FN:457,AdapterBase.permit
FNDA:3,AdapterBase.permit
DA:466,3
BRDA:466,7,0,-
BRDA:466,7,1,3
DA:471,3
DA:495,3
BRDA:495,8,0,-
BRDA:495,8,1,3
DA:496,0
DA:498,3
FN:502,AdapterBase.DOMAIN_SEPARATOR
FNDA:3,AdapterBase.DOMAIN_SEPARATOR
DA:503,6
FN:509,AdapterBase.computeDomainSeparator
FNDA:3,AdapterBase.computeDomainSeparator
DA:510,3
FN:60,AdapterBase.__AdapterBase_init
FNDA:1857,AdapterBase.__AdapterBase_init
DA:63,1857
DA:70,1857
DA:74,1857
DA:75,1857
DA:76,1857
DA:78,1857
DA:79,1857
DA:81,1857
DA:83,1857
DA:84,1857
DA:85,1857
DA:87,1857
BRDA:87,0,0,1075
BRDA:87,0,1,1857
DA:89,1857
DA:90,1857
FN:93,AdapterBase.decimals
FNDA:26,AdapterBase.decimals
DA:94,26
FN:108,AdapterBase._deposit
FNDA:79418,AdapterBase._deposit
DA:114,79418
DA:116,79418
DA:117,79418
DA:119,79418
DA:121,79418
FN:128,AdapterBase._withdraw
FNDA:37275,AdapterBase._withdraw
DA:135,37275
BRDA:135,1,0,12544
BRDA:135,1,1,37275
DA:136,12544
DA:139,37275
BRDA:139,2,0,37227
BRDA:139,2,1,37275
DA:140,37227
DA:143,37275
DA:145,37275
DA:147,37275
DA:149,37275
FN:160,AdapterBase.totalAssets
FNDA:187,AdapterBase.totalAssets
DA:161,455665
FN:170,AdapterBase._totalAssets
FNDA:0,AdapterBase._totalAssets
FN:177,AdapterBase.convertToUnderlyingShares
FNDA:0,AdapterBase.convertToUnderlyingShares
FN:187,AdapterBase.previewDeposit
FNDA:5888,AdapterBase.previewDeposit
DA:190,60381
FN:198,AdapterBase.previewMint
FNDA:42030,AdapterBase.previewMint
DA:201,60274
FN:204,AdapterBase._convertToShares
FNDA:103075,AdapterBase._convertToShares
DA:208,103075
FN:216,AdapterBase._convertToAssets
FNDA:334555,AdapterBase._convertToAssets
DA:220,334555
FN:237,AdapterBase.maxDeposit
FNDA:41,AdapterBase.maxDeposit
DA:240,47615
FN:248,AdapterBase.maxMint
FNDA:48,AdapterBase.maxMint
DA:249,19599
FN:267,AdapterBase.harvest
FNDA:28,AdapterBase.harvest
DA:269,118261
BRDA:268,3,0,-
BRDA:268,3,1,13
DA:273,13
DA:276,13
BRDA:276,4,0,-
BRDA:276,4,1,13
DA:277,13
DA:280,118261
FN:287,AdapterBase.strategyDeposit
FNDA:3,AdapterBase.strategyDeposit
DA:291,3
FN:298,AdapterBase.strategyWithdraw
FNDA:0,AdapterBase.strategyWithdraw
DA:302,0
FN:310,AdapterBase._verifyAndSetupStrategy
FNDA:1075,AdapterBase._verifyAndSetupStrategy
DA:311,1075
DA:312,1075
DA:313,1075
FN:333,AdapterBase.setHarvestCooldown
FNDA:27,AdapterBase.setHarvestCooldown
DA:335,27
BRDA:335,5,0,-
BRDA:335,5,1,27
DA:337,27
DA:339,27
FN:362,AdapterBase.accruedPerformanceFee
FNDA:0,AdapterBase.accruedPerformanceFee
DA:363,118261
DA:364,118261
DA:365,118261
DA:367,118261
FN:382,AdapterBase.setPerformanceFee
FNDA:78,AdapterBase.setPerformanceFee
DA:384,78
BRDA:384,6,0,-
BRDA:384,6,1,78
DA:386,78
DA:388,78
FN:407,AdapterBase.pause
FNDA:102,AdapterBase.pause
DA:408,102
DA:409,102
FN:413,AdapterBase.unpause
FNDA:26,AdapterBase.unpause
DA:414,26
DA:415,26
FN:423,AdapterBase._protocolDeposit
FNDA:0,AdapterBase._protocolDeposit
FN:428,AdapterBase._protocolWithdraw
FNDA:0,AdapterBase._protocolWithdraw
FN:439,AdapterBase.supportsInterface
FNDA:0,AdapterBase.supportsInterface
DA:442,0
FN:457,AdapterBase.permit
FNDA:26,AdapterBase.permit
DA:466,26
BRDA:466,7,0,-
BRDA:466,7,1,26
DA:471,26
DA:495,26
BRDA:495,8,0,-
BRDA:495,8,1,26
DA:496,0
DA:498,26
FN:502,AdapterBase.DOMAIN_SEPARATOR
FNDA:26,AdapterBase.DOMAIN_SEPARATOR
DA:503,52
FN:509,AdapterBase.computeDomainSeparator
FNDA:1857,AdapterBase.computeDomainSeparator
DA:510,1857
FNF:56
FNH:41
LF:134
LH:124
BRF:36
BRH:22
end_of_record
TN:
SF:src/vault/adapter/abstracts/WithRewards.sol
FN:13,WithRewards.rewardTokens
FNDA:0,WithRewards.rewardTokens
FN:15,WithRewards.claim
FNDA:0,WithRewards.claim
FN:21,WithRewards.supportsInterface
FNDA:0,WithRewards.supportsInterface
DA:24,0
FN:13,WithRewards.rewardTokens
FNDA:0,WithRewards.rewardTokens
FN:15,WithRewards.claim
FNDA:0,WithRewards.claim
FN:21,WithRewards.supportsInterface
FNDA:0,WithRewards.supportsInterface
DA:24,0
FNF:6
FNH:0
LF:2
LH:0
BRF:0
BRH:0
end_of_record
TN:
SF:src/vault/adapter/alpaca/alpacaLendV1/AlpacaLendV1Adapter.sol
FN:45,AlpacaLendV1Adapter.initialize
FNDA:1,AlpacaLendV1Adapter.initialize
DA:50,1
DA:52,1
DA:54,1
BRDA:54,0,0,-
BRDA:54,0,1,1
DA:55,0
DA:57,1
DA:59,1
BRDA:59,1,0,-
BRDA:59,1,1,1
DA:61,1
DA:66,1
DA:68,1
FN:74,AlpacaLendV1Adapter.name
FNDA:1,AlpacaLendV1Adapter.name
DA:80,2
FN:83,AlpacaLendV1Adapter.symbol
FNDA:1,AlpacaLendV1Adapter.symbol
DA:89,1
FN:99,AlpacaLendV1Adapter._totalAssets
FNDA:17740,AlpacaLendV1Adapter._totalAssets
DA:100,17740
FN:109,AlpacaLendV1Adapter._protocolDeposit
FNDA:3085,AlpacaLendV1Adapter._protocolDeposit
DA:110,3085
FN:113,AlpacaLendV1Adapter._protocolWithdraw
FNDA:1544,AlpacaLendV1Adapter._protocolWithdraw
DA:114,1544
DA:116,1544
FN:120,AlpacaLendV1Adapter.convertToUnderlyingShares
FNDA:0,AlpacaLendV1Adapter.convertToUnderlyingShares
DA:124,1544
DA:125,1544
FNF:7
FNH:6
LF:17
LH:16
BRF:4
BRH:2
end_of_record
TN:
SF:src/vault/adapter/alpaca/alpacaLendV2/AlpacaLendV2Adapter.sol
FN:52,AlpacaLendV2Adapter.initialize
FNDA:1,AlpacaLendV2Adapter.initialize
DA:57,1
DA:59,1
DA:61,1
DA:62,1
DA:64,1
DA:65,1
DA:67,1
BRDA:67,0,0,-
BRDA:67,0,1,1
DA:69,1
DA:74,1
DA:76,1
DA:80,1
FN:86,AlpacaLendV2Adapter.name
FNDA:1,AlpacaLendV2Adapter.name
DA:92,2
FN:95,AlpacaLendV2Adapter.symbol
FNDA:1,AlpacaLendV2Adapter.symbol
DA:101,1
FN:111,AlpacaLendV2Adapter._totalAssets
FNDA:17740,AlpacaLendV2Adapter._totalAssets
DA:112,17740
DA:116,17740
FN:120,AlpacaLendV2Adapter.convertToUnderlyingShares
FNDA:0,AlpacaLendV2Adapter.convertToUnderlyingShares
DA:124,1544
DA:125,1544
FN:139,AlpacaLendV2Adapter._protocolDeposit
FNDA:3085,AlpacaLendV2Adapter._protocolDeposit
DA:140,3085
FN:143,AlpacaLendV2Adapter._protocolWithdraw
FNDA:1544,AlpacaLendV2Adapter._protocolWithdraw
DA:147,1544
DA:149,1544
FN:156,AlpacaLendV2Adapter.supportsInterface
FNDA:0,AlpacaLendV2Adapter.supportsInterface
DA:159,0
FNF:8
FNH:6
LF:21
LH:20
BRF:2
BRH:1
end_of_record
TN:
SF:src/vault/adapter/aura/AuraAdapter.sol
FN:53,AuraAdapter.initialize
FNDA:1,AuraAdapter.initialize
DA:54,1
DA:56,1
DA:58,1
DA:59,1
DA:61,1
DA:62,1
DA:63,1
DA:64,1
DA:65,1
DA:67,1
DA:69,1
DA:71,1
BRDA:71,0,0,-
BRDA:71,0,1,1
DA:73,1
DA:74,1
DA:76,1
FN:79,AuraAdapter.name
FNDA:1,AuraAdapter.name
DA:80,2
FN:83,AuraAdapter.symbol
FNDA:1,AuraAdapter.symbol
DA:84,1
FN:94,AuraAdapter._totalAssets
FNDA:5,AuraAdapter._totalAssets
DA:95,5
FN:102,AuraAdapter._protocolDeposit
FNDA:0,AuraAdapter._protocolDeposit
DA:103,0
FN:106,AuraAdapter._protocolWithdraw
FNDA:0,AuraAdapter._protocolWithdraw
DA:107,0
FN:115,AuraAdapter.claim
FNDA:0,AuraAdapter.claim
DA:116,0
FN:122,AuraAdapter.rewardTokens
FNDA:0,AuraAdapter.rewardTokens
DA:123,0
FN:130,AuraAdapter.supportsInterface
FNDA:0,AuraAdapter.supportsInterface
DA:131,0
FNF:9
FNH:4
LF:23
LH:18
BRF:2
BRH:1
end_of_record
TN:
SF:src/vault/adapter/balancer/BalancerGaugeAdapter.sol
FN:31,BalancerGaugeAdapter.initialize
FNDA:3,BalancerGaugeAdapter.initialize
DA:36,3
DA:37,3
DA:39,3
DA:40,3
BRDA:40,0,0,-
BRDA:40,0,1,3
DA:41,0
DA:43,3
BRDA:43,1,0,-
BRDA:43,1,1,3
DA:45,3
DA:46,3
DA:48,3
DA:50,3
DA:52,3
DA:57,3
FN:60,BalancerGaugeAdapter.name
FNDA:1,BalancerGaugeAdapter.name
DA:66,4
FN:69,BalancerGaugeAdapter.symbol
FNDA:1,BalancerGaugeAdapter.symbol
DA:75,1
FN:82,BalancerGaugeAdapter._totalAssets
FNDA:17748,BalancerGaugeAdapter._totalAssets
DA:83,17748
FN:90,BalancerGaugeAdapter._protocolDeposit
FNDA:3086,BalancerGaugeAdapter._protocolDeposit
DA:94,3086
FN:97,BalancerGaugeAdapter._protocolWithdraw
FNDA:1545,BalancerGaugeAdapter._protocolWithdraw
DA:101,1545
FN:104,BalancerGaugeAdapter.claim
FNDA:1,BalancerGaugeAdapter.claim
DA:105,1
FN:111,BalancerGaugeAdapter.rewardTokens
FNDA:2,BalancerGaugeAdapter.rewardTokens
DA:112,2
FN:119,BalancerGaugeAdapter.supportsInterface
FNDA:0,BalancerGaugeAdapter.supportsInterface
DA:122,0
FNF:9
FNH:8
LF:20
LH:18
BRF:4
BRH:2
end_of_record
TN:
SF:src/vault/adapter/beefy/BeefyAdapter.sol
FN:46,BeefyAdapter.initialize
FNDA:1029,BeefyAdapter.initialize
DA:51,1029
DA:55,1029
DA:57,1029
BRDA:57,0,0,1
BRDA:57,0,1,1028
DA:58,1
DA:60,1028
BRDA:59,1,0,-
BRDA:59,1,1,1028
DA:62,0
DA:63,1028
BRDA:63,2,0,1
BRDA:63,2,1,1027
DA:64,1
DA:66,1027
BRDA:65,3,0,1
BRDA:65,3,1,1026
DA:68,1
DA:70,1026
DA:75,1026
DA:77,1026
DA:78,1026
DA:80,1026
DA:84,1026
DA:86,1026
BRDA:86,4,0,-
BRDA:86,4,1,2
DA:87,2
FN:90,BeefyAdapter.name
FNDA:1,BeefyAdapter.name
DA:96,1030
FN:99,BeefyAdapter.symbol
FNDA:1,BeefyAdapter.symbol
DA:105,1
FN:112,BeefyAdapter._totalAssets
FNDA:28754,BeefyAdapter._totalAssets
DA:113,28754
FN:122,BeefyAdapter.convertToUnderlyingShares
FNDA:0,BeefyAdapter.convertToUnderlyingShares
DA:126,2569
DA:127,2569
FN:138,BeefyAdapter.rewardTokens
FNDA:2,BeefyAdapter.rewardTokens
DA:144,2
DA:145,2
BRDA:145,5,0,-
BRDA:145,5,1,2
DA:146,2
FN:150,BeefyAdapter.previewWithdraw
FNDA:1024,BeefyAdapter.previewWithdraw
DA:153,2308
DA:155,2308
DA:156,2308
DA:162,2308
BRDA:162,6,0,768
BRDA:162,6,1,2308
DA:163,768
DA:169,2308
FN:173,BeefyAdapter.previewRedeem
FNDA:256,BeefyAdapter.previewRedeem
DA:176,1539
DA:178,1539
DA:180,1539
DA:181,1539
DA:187,1539
BRDA:187,7,0,512
BRDA:187,7,1,1539
DA:188,512
DA:194,1539
FN:202,BeefyAdapter._protocolDeposit
FNDA:5134,BeefyAdapter._protocolDeposit
DA:206,5134
DA:207,5134
BRDA:207,8,0,-
BRDA:207,8,1,3086
DA:208,3086
FN:212,BeefyAdapter._protocolWithdraw
FNDA:2569,BeefyAdapter._protocolWithdraw
DA:216,2569
DA:218,2569
BRDA:218,9,0,-
BRDA:218,9,1,1545
DA:219,1545
DA:220,2569
FN:228,BeefyAdapter.claim
FNDA:1,BeefyAdapter.claim
DA:229,1
BRDA:229,10,0,-
BRDA:229,10,1,1
DA:230,1
FN:239,BeefyAdapter.supportsInterface
FNDA:0,BeefyAdapter.supportsInterface
DA:242,0
FNF:12
FNH:10
LF:49
LH:47
BRF:22
BRH:16
end_of_record
TN:
SF:src/vault/adapter/compound/compoundV2/CompoundV2Adapter.sol
FN:56,CompoundV2Adapter.initialize
FNDA:3,CompoundV2Adapter.initialize
DA:61,3
DA:63,3
DA:68,3
DA:70,3
DA:72,3
BRDA:71,0,0,-
BRDA:71,0,1,-
DA:75,3
BRDA:75,1,0,-
BRDA:75,1,1,-
DA:76,0
DA:79,3
DA:81,3
DA:82,3
BRDA:82,2,0,-
BRDA:82,2,1,3
DA:84,3
FN:87,CompoundV2Adapter.name
FNDA:3,CompoundV2Adapter.name
DA:93,6
FN:96,CompoundV2Adapter.symbol
FNDA:3,CompoundV2Adapter.symbol
DA:102,3
FN:109,CompoundV2Adapter._totalAssets
FNDA:53226,CompoundV2Adapter._totalAssets
DA:110,53226
FN:113,CompoundV2Adapter._viewUnderlyingBalanceOf
FNDA:53226,CompoundV2Adapter._viewUnderlyingBalanceOf
DA:117,53226
DA:118,53226
FN:122,CompoundV2Adapter.convertToUnderlyingShares
FNDA:0,CompoundV2Adapter.convertToUnderlyingShares
DA:126,4632
DA:127,4632
FN:138,CompoundV2Adapter.rewardTokens
FNDA:0,CompoundV2Adapter.rewardTokens
DA:144,0
DA:145,0
FN:153,CompoundV2Adapter._protocolDeposit
FNDA:9255,CompoundV2Adapter._protocolDeposit
DA:157,9255
FN:161,CompoundV2Adapter._protocolWithdraw
FNDA:4632,CompoundV2Adapter._protocolWithdraw
DA:165,4632
DA:166,4632
FN:174,CompoundV2Adapter.claim
FNDA:0,CompoundV2Adapter.claim
DA:175,0
FN:184,CompoundV2Adapter.supportsInterface
FNDA:0,CompoundV2Adapter.supportsInterface
DA:187,0
FNF:11
FNH:7
LF:25
LH:20
BRF:6
BRH:1
end_of_record
TN:
SF:src/vault/adapter/compound/compoundV2/LibCompound.sol
FN:13,LibCompound.viewUnderlyingBalanceOf
FNDA:0,LibCompound.viewUnderlyingBalanceOf
DA:14,0
FN:17,LibCompound.viewExchangeRate
FNDA:0,LibCompound.viewExchangeRate
DA:18,0
DA:20,0
BRDA:20,0,0,-
BRDA:20,0,1,-
DA:22,0
DA:23,0
DA:24,0
DA:26,0
DA:28,0
BRDA:28,1,0,-
BRDA:28,1,1,-
DA:30,0
DA:34,0
DA:35,0
DA:36,0
DA:39,0
FNF:2
FNH:0
LF:13
LH:0
BRF:4
BRH:0
end_of_record
TN:
SF:src/vault/adapter/compound/compoundV3/CompoundV3Adapter.sol
FN:50,CompoundV3Adapter.initialize
FNDA:1,CompoundV3Adapter.initialize
DA:51,1
DA:53,1
DA:54,1
DA:56,1
DA:61,1
DA:62,1
DA:63,1
DA:65,1
DA:66,1
BRDA:66,0,0,-
BRDA:66,0,1,1
DA:68,1
FN:71,CompoundV3Adapter.name
FNDA:1,CompoundV3Adapter.name
DA:72,2
FN:75,CompoundV3Adapter.symbol
FNDA:1,CompoundV3Adapter.symbol
DA:76,1
FN:83,CompoundV3Adapter._totalAssets
FNDA:17741,CompoundV3Adapter._totalAssets
DA:84,17741
FN:88,CompoundV3Adapter.rewardTokens
FNDA:0,CompoundV3Adapter.rewardTokens
DA:89,0
DA:90,0
DA:91,0
DA:93,0
DA:94,0
FN:104,CompoundV3Adapter._protocolDeposit
FNDA:3085,CompoundV3Adapter._protocolDeposit
DA:105,3085
BRDA:105,1,0,-
BRDA:105,1,1,3085
DA:106,3085
FN:112,CompoundV3Adapter._protocolWithdraw
FNDA:1544,CompoundV3Adapter._protocolWithdraw
DA:113,1544
BRDA:113,2,0,-
BRDA:113,2,1,1544
DA:114,1544
FN:122,CompoundV3Adapter.claim
FNDA:0,CompoundV3Adapter.claim
DA:123,0
FN:132,CompoundV3Adapter.supportsInterface
FNDA:0,CompoundV3Adapter.supportsInterface
DA:133,0
FNF:9
FNH:6
LF:24
LH:17
BRF:6
BRH:3
end_of_record
TN:
SF:src/vault/adapter/convex/ConvexAdapter.sol
FN:49,ConvexAdapter.initialize
FNDA:2,ConvexAdapter.initialize
DA:54,2
DA:56,2
DA:57,2
DA:59,2
DA:62,2
DA:64,2
DA:66,2
BRDA:66,0,0,-
BRDA:66,0,1,2
DA:68,2
DA:73,2
DA:75,2
FN:78,ConvexAdapter.name
FNDA:1,ConvexAdapter.name
DA:84,3
FN:87,ConvexAdapter.symbol
FNDA:1,ConvexAdapter.symbol
DA:93,1
FN:102,ConvexAdapter._totalAssets
FNDA:17755,ConvexAdapter._totalAssets
DA:103,17755
FN:107,ConvexAdapter.rewardTokens
FNDA:3,ConvexAdapter.rewardTokens
DA:113,3
DA:115,3
DA:116,3
DA:117,3
DA:119,3
DA:120,0
FN:129,ConvexAdapter._protocolDeposit
FNDA:3088,ConvexAdapter._protocolDeposit
DA:130,3088
FN:134,ConvexAdapter._protocolWithdraw
FNDA:1545,ConvexAdapter._protocolWithdraw
DA:140,1545
FN:148,ConvexAdapter.claim
FNDA:2,ConvexAdapter.claim
DA:149,2
FN:158,ConvexAdapter.supportsInterface
FNDA:0,ConvexAdapter.supportsInterface
DA:161,0
FNF:9
FNH:8
LF:23
LH:21
BRF:2
BRH:1
end_of_record
TN:
SF:src/vault/adapter/curve/gauge/mainnet/CurveGaugeAdapter.sol
FN:46,CurveGaugeAdapter.initialize
FNDA:2,CurveGaugeAdapter.initialize
DA:51,2
DA:53,2
DA:55,2
DA:56,2
DA:57,2
DA:59,2
BRDA:59,0,0,-
BRDA:59,0,1,2
DA:61,2
DA:66,2
DA:68,2
FN:71,CurveGaugeAdapter.name
FNDA:1,CurveGaugeAdapter.name
DA:77,3
FN:80,CurveGaugeAdapter.symbol
FNDA:1,CurveGaugeAdapter.symbol
DA:86,1
FN:96,CurveGaugeAdapter._totalAssets
FNDA:17748,CurveGaugeAdapter._totalAssets
DA:97,17748
FN:104,CurveGaugeAdapter._protocolDeposit
FNDA:3086,CurveGaugeAdapter._protocolDeposit
DA:105,3086
FN:108,CurveGaugeAdapter._protocolWithdraw
FNDA:1545,CurveGaugeAdapter._protocolWithdraw
DA:109,1545
FN:116,CurveGaugeAdapter.claim
FNDA:1,CurveGaugeAdapter.claim
DA:117,1
FN:123,CurveGaugeAdapter.rewardTokens
FNDA:2,CurveGaugeAdapter.rewardTokens
DA:124,2
DA:125,2
DA:126,2
DA:127,2
DA:128,2
DA:130,2
FN:137,CurveGaugeAdapter.supportsInterface
FNDA:0,CurveGaugeAdapter.supportsInterface
DA:140,0
FNF:9
FNH:8
LF:22
LH:21
BRF:2
BRH:1
end_of_record
TN:
SF:src/vault/adapter/curve/gauge/other/CurveChildGaugeAdapter.sol
FN:49,CurveChildGaugeAdapter.initialize
FNDA:2,CurveChildGaugeAdapter.initialize
DA:54,2
DA:56,2
DA:58,2
DA:59,2
DA:60,2
DA:62,2
DA:63,2
DA:65,2
BRDA:65,0,0,-
BRDA:65,0,1,2
DA:67,2
DA:72,2
DA:74,2
FN:77,CurveChildGaugeAdapter.name
FNDA:1,CurveChildGaugeAdapter.name
DA:83,3
FN:86,CurveChildGaugeAdapter.symbol
FNDA:1,CurveChildGaugeAdapter.symbol
DA:92,1
FN:102,CurveChildGaugeAdapter._totalAssets
FNDA:17748,CurveChildGaugeAdapter._totalAssets
DA:103,17748
FN:110,CurveChildGaugeAdapter._protocolDeposit
FNDA:3086,CurveChildGaugeAdapter._protocolDeposit
DA:111,3086
FN:114,CurveChildGaugeAdapter._protocolWithdraw
FNDA:1545,CurveChildGaugeAdapter._protocolWithdraw
DA:115,1545
FN:122,CurveChildGaugeAdapter.claim
FNDA:1,CurveChildGaugeAdapter.claim
DA:123,1
FN:129,CurveChildGaugeAdapter.rewardTokens
FNDA:2,CurveChildGaugeAdapter.rewardTokens
DA:130,2
DA:131,2
DA:132,2
DA:133,2
DA:134,0
DA:136,2
FN:143,CurveChildGaugeAdapter.supportsInterface
FNDA:0,CurveChildGaugeAdapter.supportsInterface
DA:146,0
FNF:9
FNH:8
LF:24
LH:22
BRF:2
BRH:1
end_of_record
TN:
SF:src/vault/adapter/dotdot/DotDotAdapter.sol
FN:36,DotDotAdapter.initialize
FNDA:2,DotDotAdapter.initialize
DA:41,2
DA:43,2
DA:45,2
BRDA:45,0,0,-
BRDA:45,0,1,2
DA:46,0
DA:48,2
DA:53,2
DA:55,2
FN:58,DotDotAdapter.name
FNDA:1,DotDotAdapter.name
DA:64,3
FN:67,DotDotAdapter.symbol
FNDA:1,DotDotAdapter.symbol
DA:73,1
FN:80,DotDotAdapter._totalAssets
FNDA:17748,DotDotAdapter._totalAssets
DA:81,17748
FN:85,DotDotAdapter.rewardTokens
FNDA:2,DotDotAdapter.rewardTokens
DA:91,2
DA:92,2
DA:94,2
DA:95,2
DA:96,2
DA:98,2
DA:99,2
FN:108,DotDotAdapter._protocolDeposit
FNDA:3086,DotDotAdapter._protocolDeposit
DA:112,3086
FN:116,DotDotAdapter._protocolWithdraw
FNDA:1545,DotDotAdapter._protocolWithdraw
DA:120,1545
FN:128,DotDotAdapter.claim
FNDA:1,DotDotAdapter.claim
DA:129,1
DA:130,1
DA:131,1
FN:140,DotDotAdapter.supportsInterface
FNDA:0,DotDotAdapter.supportsInterface
DA:143,0
FNF:9
FNH:8
LF:23
LH:21
BRF:2
BRH:1
end_of_record
TN:
SF:src/vault/adapter/ellipsis/lpStaking/EllipsisLpStakingAdapter.sol
FN:31,EllipsisLpStakingAdapter.initialize
FNDA:1,EllipsisLpStakingAdapter.initialize
DA:36,1
DA:37,1
DA:39,1
DA:41,1
BRDA:41,0,0,-
BRDA:41,0,1,1
DA:43,1
DA:45,1
DA:50,1
DA:52,1
FN:55,EllipsisLpStakingAdapter.name
FNDA:1,EllipsisLpStakingAdapter.name
DA:61,2
FN:64,EllipsisLpStakingAdapter.symbol
FNDA:1,EllipsisLpStakingAdapter.symbol
DA:70,1
FN:77,EllipsisLpStakingAdapter._totalAssets
FNDA:17739,EllipsisLpStakingAdapter._totalAssets
DA:78,17739
FN:85,EllipsisLpStakingAdapter._protocolDeposit
FNDA:3085,EllipsisLpStakingAdapter._protocolDeposit
DA:89,3085
FN:92,EllipsisLpStakingAdapter._protocolWithdraw
FNDA:1544,EllipsisLpStakingAdapter._protocolWithdraw
DA:96,1544
FN:99,EllipsisLpStakingAdapter.claim
FNDA:0,EllipsisLpStakingAdapter.claim
DA:100,0
FN:106,EllipsisLpStakingAdapter.rewardTokens
FNDA:0,EllipsisLpStakingAdapter.rewardTokens
DA:107,0
FN:114,EllipsisLpStakingAdapter.supportsInterface
FNDA:0,EllipsisLpStakingAdapter.supportsInterface
DA:117,0
FNF:9
FNH:6
LF:16
LH:13
BRF:2
BRH:1
end_of_record
TN:
SF:src/vault/adapter/ellipsis/pool/EllipsisPoolAdapter.sol
FN:35,EllipsisAdapter.initialize
FNDA:0,EllipsisAdapter.initialize
DA:40,0
DA:41,0
DA:43,0
BRDA:43,0,0,-
BRDA:43,0,1,-
DA:44,0
BRDA:44,1,0,-
BRDA:44,1,1,-
DA:45,0
BRDA:45,2,0,-
BRDA:45,2,1,-
DA:47,0
DA:48,0
DA:50,0
DA:51,0
DA:52,0
DA:53,0
DA:55,0
DA:56,0
FN:59,EllipsisAdapter.name
FNDA:0,EllipsisAdapter.name
DA:60,0
FN:63,EllipsisAdapter.symbol
FNDA:0,EllipsisAdapter.symbol
DA:64,0
FN:71,EllipsisAdapter._totalAssets
FNDA:0,EllipsisAdapter._totalAssets
DA:73,0
DA:75,0
BRDA:75,3,0,-
BRDA:75,3,1,-
DA:76,0
DA:78,0
DA:79,0
DA:80,0
BRDA:80,4,0,-
BRDA:80,4,1,-
DA:81,0
DA:85,0
FN:93,EllipsisAdapter.convertToUnderlyingShares
FNDA:0,EllipsisAdapter.convertToUnderlyingShares
DA:95,0
DA:97,0
DA:98,0
FN:102,EllipsisAdapter._protocolDeposit
FNDA:0,EllipsisAdapter._protocolDeposit
DA:107,0
BRDA:107,5,0,-
BRDA:107,5,1,-
DA:108,0
DA:109,0
DA:110,0
BRDA:110,6,0,-
BRDA:110,6,1,-
DA:111,0
DA:112,0
DA:113,0
BRDA:113,7,0,-
BRDA:113,7,1,-
DA:114,0
DA:117,0
DA:118,0
BRDA:118,8,0,-
BRDA:118,8,1,-
DA:119,0
DA:120,0
DA:121,0
BRDA:121,9,0,-
BRDA:121,9,1,-
DA:122,0
DA:124,0
DA:127,0
DA:129,0
DA:130,0
DA:131,0
BRDA:131,10,0,-
BRDA:131,10,1,-
DA:132,0
DA:135,0
DA:137,0
DA:139,0
FN:143,EllipsisAdapter._protocolWithdraw
FNDA:0,EllipsisAdapter._protocolWithdraw
DA:148,0
DA:149,0
DA:150,0
DA:152,0
DA:154,0
DA:155,0
DA:156,0
BRDA:156,11,0,-
BRDA:156,11,1,-
DA:157,0
DA:158,0
FN:163,EllipsisAdapter.claim
FNDA:0,EllipsisAdapter.claim
DA:164,0
DA:165,0
DA:167,0
FN:173,EllipsisAdapter.rewardTokens
FNDA:0,EllipsisAdapter.rewardTokens
DA:174,0
DA:175,0
DA:176,0
FN:183,EllipsisAdapter.supportsInterface
FNDA:0,EllipsisAdapter.supportsInterface
DA:189,0
FNF:10
FNH:0
LF:65
LH:0
BRF:24
BRH:0
end_of_record
TN:
SF:src/vault/adapter/gearbox/passivePool/GearboxPassivePoolAdapter.sol
FN:43,GearboxPassivePoolAdapter.initialize
FNDA:1,GearboxPassivePoolAdapter.initialize
DA:48,1
DA:50,1
DA:52,1
DA:53,1
DA:55,1
BRDA:55,0,0,-
BRDA:55,0,1,1
DA:57,1
DA:58,1
DA:60,1
FN:63,GearboxPassivePoolAdapter.name
FNDA:1,GearboxPassivePoolAdapter.name
DA:64,2
FN:67,GearboxPassivePoolAdapter.symbol
FNDA:1,GearboxPassivePoolAdapter.symbol
DA:68,1
FN:76,GearboxPassivePoolAdapter._totalAssets
FNDA:18515,GearboxPassivePoolAdapter._totalAssets
DA:77,18515
DA:80,18515
FN:87,GearboxPassivePoolAdapter.maxDeposit
FNDA:2,GearboxPassivePoolAdapter.maxDeposit
DA:88,2316
BRDA:88,1,0,2
BRDA:88,1,1,2314
DA:90,2314
FN:93,GearboxPassivePoolAdapter.maxMint
FNDA:2,GearboxPassivePoolAdapter.maxMint
DA:94,774
BRDA:94,2,0,2
BRDA:94,2,1,772
DA:96,772
FN:100,GearboxPassivePoolAdapter.maxWithdraw
FNDA:5,GearboxPassivePoolAdapter.maxWithdraw
DA:101,776
BRDA:101,3,0,-
BRDA:101,3,1,776
DA:103,776
FN:107,GearboxPassivePoolAdapter.maxRedeem
FNDA:5,GearboxPassivePoolAdapter.maxRedeem
DA:108,776
BRDA:108,4,0,-
BRDA:108,4,1,776
DA:110,776
FN:117,GearboxPassivePoolAdapter._protocolDeposit
FNDA:3085,GearboxPassivePoolAdapter._protocolDeposit
DA:118,3085
FN:121,GearboxPassivePoolAdapter._protocolWithdraw
FNDA:1544,GearboxPassivePoolAdapter._protocolWithdraw
DA:123,1544
FNF:10
FNH:10
LF:22
LH:22
BRF:10
BRH:7
end_of_record
TN:
SF:src/vault/adapter/idle/junior/IdleJuniorAdapter.sol
FN:38,IdleJuniorAdapter.initialize
FNDA:2,IdleJuniorAdapter.initialize
DA:43,2
DA:45,2
DA:47,2
BRDA:47,0,0,-
BRDA:47,0,1,2
DA:48,2
BRDA:48,1,0,-
BRDA:48,1,1,2
DA:49,2
BRDA:49,2,0,-
BRDA:49,2,1,2
DA:51,2
DA:52,2
DA:54,2
DA:59,2
DA:61,2
FN:64,IdleJuniorAdapter.name
FNDA:2,IdleJuniorAdapter.name
DA:70,4
FN:73,IdleJuniorAdapter.symbol
FNDA:2,IdleJuniorAdapter.symbol
DA:79,2
FN:86,IdleJuniorAdapter._totalAssets
FNDA:38570,IdleJuniorAdapter._totalAssets
DA:87,38570
DA:88,38570
DA:89,38570
FN:93,IdleJuniorAdapter.convertToUnderlyingShares
FNDA:0,IdleJuniorAdapter.convertToUnderlyingShares
DA:97,3088
DA:98,3088
DA:100,3088
DA:101,3088
FN:108,IdleJuniorAdapter.maxDeposit
FNDA:4,IdleJuniorAdapter.maxDeposit
DA:109,4632
BRDA:109,3,0,4
BRDA:109,3,1,4628
DA:110,4628
DA:111,4628
BRDA:111,4,0,4628
BRDA:111,4,1,-
DA:112,4628
DA:114,0
DA:115,0
BRDA:115,5,0,-
BRDA:115,5,1,-
DA:116,0
FN:124,IdleJuniorAdapter._protocolDeposit
FNDA:6170,IdleJuniorAdapter._protocolDeposit
DA:128,6170
FN:132,IdleJuniorAdapter._protocolWithdraw
FNDA:3088,IdleJuniorAdapter._protocolWithdraw
DA:136,3088
DA:137,3088
DA:138,3088
DA:139,3088
DA:140,3088
FNF:8
FNH:7
LF:32
LH:29
BRF:12
BRH:6
end_of_record
TN:
SF:src/vault/adapter/idle/senior/IdleSeniorAdapter.sol
FN:38,IdleSeniorAdapter.initialize
FNDA:0,IdleSeniorAdapter.initialize
DA:43,0
DA:45,0
DA:47,0
BRDA:47,0,0,-
BRDA:47,0,1,-
DA:48,0
BRDA:48,1,0,-
BRDA:48,1,1,-
DA:49,0
BRDA:49,2,0,-
BRDA:49,2,1,-
DA:51,0
DA:52,0
DA:54,0
DA:59,0
DA:61,0
FN:64,IdleSeniorAdapter.name
FNDA:0,IdleSeniorAdapter.name
DA:70,0
FN:73,IdleSeniorAdapter.symbol
FNDA:0,IdleSeniorAdapter.symbol
DA:79,0
FN:86,IdleSeniorAdapter._totalAssets
FNDA:0,IdleSeniorAdapter._totalAssets
DA:87,0
DA:88,0
DA:89,0
FN:93,IdleSeniorAdapter.convertToUnderlyingShares
FNDA:0,IdleSeniorAdapter.convertToUnderlyingShares
DA:97,0
DA:98,0
DA:100,0
DA:101,0
FN:108,IdleSeniorAdapter.maxDeposit
FNDA:0,IdleSeniorAdapter.maxDeposit
DA:109,0
BRDA:109,3,0,-
BRDA:109,3,1,-
DA:110,0
DA:111,0
BRDA:111,4,0,-
BRDA:111,4,1,-
DA:112,0
DA:114,0
DA:115,0
BRDA:115,5,0,-
BRDA:115,5,1,-
DA:116,0
FN:124,IdleSeniorAdapter._protocolDeposit
FNDA:0,IdleSeniorAdapter._protocolDeposit
DA:128,0
FN:132,IdleSeniorAdapter._protocolWithdraw
FNDA:0,IdleSeniorAdapter._protocolWithdraw
DA:136,0
DA:137,0
DA:138,0
DA:139,0
DA:140,0
FNF:8
FNH:0
LF:32
LH:0
BRF:12
BRH:0
end_of_record
TN:
SF:src/vault/adapter/lido/LidoAdapter.sol
FN:61,LidoAdapter.initialize
FNDA:1,LidoAdapter.initialize
DA:66,1
DA:68,1
DA:73,1
DA:74,1
DA:75,1
DA:76,1
DA:78,1
DA:83,1
DA:88,1
DA:89,1
DA:93,1
DA:97,1
FN:103,LidoAdapter.name
FNDA:1,LidoAdapter.name
DA:109,2
FN:112,LidoAdapter.symbol
FNDA:1,LidoAdapter.symbol
DA:118,1
FN:125,LidoAdapter._underlyingBalance
FNDA:0,LidoAdapter._underlyingBalance
DA:126,0
FN:129,LidoAdapter._totalAssets
FNDA:17724,LidoAdapter._totalAssets
DA:130,17724
FN:138,LidoAdapter._protocolDeposit
FNDA:3083,LidoAdapter._protocolDeposit
DA:142,3083
DA:143,3083
FN:147,LidoAdapter._protocolWithdraw
FNDA:1542,LidoAdapter._protocolWithdraw
DA:151,1542
DA:156,1542
DA:162,1542
FN:169,LidoAdapter.previewWithdraw
FNDA:768,LidoAdapter.previewWithdraw
DA:172,1537
DA:176,1537
FN:183,LidoAdapter.previewRedeem
FNDA:256,LidoAdapter.previewRedeem
DA:186,1027
DA:190,1027
FN:197,LidoAdapter._withdraw
FNDA:1540,LidoAdapter._withdraw
DA:204,1540
BRDA:204,0,0,512
BRDA:204,0,1,1540
DA:205,512
DA:208,1540
DA:210,1540
BRDA:210,1,0,1538
BRDA:210,1,1,1540
DA:211,1538
DA:214,1540
DA:216,1540
DA:218,1540
DA:220,1540
DA:222,1540
DA:224,1540
FN:227,LidoAdapter._convertToShares
FNDA:4109,LidoAdapter._convertToShares
DA:231,4109
FN:239,LidoAdapter._convertToAssets
FNDA:13611,LidoAdapter._convertToAssets
DA:243,13611
FNF:12
FNH:11
LF:38
LH:37
BRF:4
BRH:4
end_of_record
TN:
SF:src/vault/adapter/ousd/OusdAdapter.sol
FN:42,OusdAdapter.initialize
FNDA:1,OusdAdapter.initialize
DA:47,1
DA:48,1
DA:50,1
BRDA:50,0,0,-
BRDA:50,0,1,1
DA:51,0
DA:52,1
BRDA:52,1,0,-
BRDA:52,1,1,1
DA:54,1
DA:56,1
DA:61,1
DA:63,1
FN:66,OusdAdapter.name
FNDA:1,OusdAdapter.name
DA:72,2
FN:75,OusdAdapter.symbol
FNDA:1,OusdAdapter.symbol
DA:81,1
FN:91,OusdAdapter._totalAssets
FNDA:15192,OusdAdapter._totalAssets
DA:92,15192
FN:99,OusdAdapter._protocolDeposit
FNDA:2830,OusdAdapter._protocolDeposit
DA:100,2830
FN:103,OusdAdapter._protocolWithdraw
FNDA:1289,OusdAdapter._protocolWithdraw
DA:104,1289
FN:111,OusdAdapter.supportsInterface
FNDA:0,OusdAdapter.supportsInterface
DA:114,0
FNF:7
FNH:6
LF:15
LH:13
BRF:4
BRH:2
end_of_record
TN:
SF:src/vault/adapter/radiant/RadiantAdapter.sol
FN:58,RadiantAdapter.initialize
FNDA:1,RadiantAdapter.initialize
DA:63,1
DA:65,1
DA:70,1
DA:72,1
DA:74,1
DA:75,1
BRDA:75,0,0,-
BRDA:75,0,1,-
DA:76,0
DA:78,1
DA:80,1
DA:81,1
DA:83,1
FN:86,RadiantAdapter.name
FNDA:1,RadiantAdapter.name
DA:92,2
FN:95,RadiantAdapter.symbol
FNDA:1,RadiantAdapter.symbol
DA:101,1
FN:108,RadiantAdapter._totalAssets
FNDA:17741,RadiantAdapter._totalAssets
DA:109,17741
FN:113,RadiantAdapter.rewardTokens
FNDA:0,RadiantAdapter.rewardTokens
DA:119,0
DA:120,0
BRDA:120,1,0,-
BRDA:120,1,1,-
DA:121,0
FN:130,RadiantAdapter._protocolDeposit
FNDA:3085,RadiantAdapter._protocolDeposit
DA:134,3085
FN:138,RadiantAdapter._protocolWithdraw
FNDA:1544,RadiantAdapter._protocolWithdraw
DA:142,1544
FN:150,RadiantAdapter.claim
FNDA:0,RadiantAdapter.claim
DA:151,0
BRDA:151,2,0,-
BRDA:151,2,1,-
DA:153,0
FN:162,RadiantAdapter.supportsInterface
FNDA:0,RadiantAdapter.supportsInterface
DA:165,0
FNF:9
FNH:6
LF:22
LH:15
BRF:6
BRH:0
end_of_record
TN:
SF:src/vault/adapter/solidly/SolidlyAdapter.sol
FN:45,SolidlyAdapter.initialize
FNDA:1,SolidlyAdapter.initialize
DA:50,1
DA:52,1
DA:54,1
BRDA:54,0,0,-
BRDA:54,0,1,1
DA:55,0
DA:57,1
DA:59,1
BRDA:59,1,0,-
BRDA:59,1,1,1
DA:61,1
DA:62,1
DA:63,1
DA:65,1
DA:70,1
DA:72,1
FN:75,SolidlyAdapter.name
FNDA:1,SolidlyAdapter.name
DA:81,2
FN:84,SolidlyAdapter.symbol
FNDA:1,SolidlyAdapter.symbol
DA:90,1
FN:100,SolidlyAdapter._totalAssets
FNDA:17741,SolidlyAdapter._totalAssets
DA:101,17741
FN:108,SolidlyAdapter._protocolDeposit
FNDA:3085,SolidlyAdapter._protocolDeposit
DA:109,3085
FN:112,SolidlyAdapter._protocolWithdraw
FNDA:1544,SolidlyAdapter._protocolWithdraw
DA:113,1544
FN:120,SolidlyAdapter.claim
FNDA:0,SolidlyAdapter.claim
DA:121,0
FN:127,SolidlyAdapter.rewardTokens
FNDA:0,SolidlyAdapter.rewardTokens
DA:128,0
FN:135,SolidlyAdapter.supportsInterface
FNDA:0,SolidlyAdapter.supportsInterface
DA:138,0
FNF:9
FNH:6
LF:20
LH:16
BRF:4
BRH:2
end_of_record
TN:
SF:src/vault/adapter/stargate/lpStaking/StargateLpStakingAdapter.sol
FN:51,StargateLpStakingAdapter.initialize
FNDA:1,StargateLpStakingAdapter.initialize
DA:56,1
DA:58,1
DA:59,1
BRDA:59,0,0,-
BRDA:59,0,1,1
DA:60,0
DA:62,1
DA:63,1
DA:65,1
DA:67,1
DA:68,1
BRDA:68,1,0,-
BRDA:68,1,1,1
DA:70,1
DA:72,1
DA:77,1
FN:80,StargateLpStakingAdapter.name
FNDA:1,StargateLpStakingAdapter.name
DA:86,2
FN:89,StargateLpStakingAdapter.symbol
FNDA:1,StargateLpStakingAdapter.symbol
DA:95,1
FN:102,StargateLpStakingAdapter._totalAssets
FNDA:17755,StargateLpStakingAdapter._totalAssets
DA:103,17755
DA:104,17755
FN:108,StargateLpStakingAdapter.rewardTokens
FNDA:2,StargateLpStakingAdapter.rewardTokens
DA:114,2
DA:115,2
FN:123,StargateLpStakingAdapter._protocolDeposit
FNDA:3089,StargateLpStakingAdapter._protocolDeposit
DA:124,3089
FN:128,StargateLpStakingAdapter._protocolWithdraw
FNDA:1544,StargateLpStakingAdapter._protocolWithdraw
DA:129,1544
FN:136,StargateLpStakingAdapter.claim
FNDA:2,StargateLpStakingAdapter.claim
DA:137,2
FN:146,StargateLpStakingAdapter.supportsInterface
FNDA:0,StargateLpStakingAdapter.supportsInterface
DA:149,0
FNF:9
FNH:8
LF:22
LH:20
BRF:4
BRH:2
end_of_record
TN:
SF:src/vault/adapter/sushi/masterChefV1/MasterChefV1Adapter.sol
FN:47,MasterChefV1Adapter.initialize
FNDA:2,MasterChefV1Adapter.initialize
DA:52,2
DA:54,2
DA:59,2
DA:60,2
DA:62,2
BRDA:62,0,0,-
BRDA:62,0,1,2
DA:64,2
DA:65,2
DA:67,2
DA:72,2
DA:74,2
FN:77,MasterChefV1Adapter.name
FNDA:1,MasterChefV1Adapter.name
DA:83,3
FN:86,MasterChefV1Adapter.symbol
FNDA:1,MasterChefV1Adapter.symbol
DA:92,1
FN:102,MasterChefV1Adapter._totalAssets
FNDA:17748,MasterChefV1Adapter._totalAssets
DA:103,17748
DA:107,17748
FN:114,MasterChefV1Adapter._protocolDeposit
FNDA:3086,MasterChefV1Adapter._protocolDeposit
DA:115,3086
FN:118,MasterChefV1Adapter._protocolWithdraw
FNDA:1545,MasterChefV1Adapter._protocolWithdraw
DA:119,1545
FN:126,MasterChefV1Adapter.claim
FNDA:1,MasterChefV1Adapter.claim
DA:127,1
FN:133,MasterChefV1Adapter.rewardTokens
FNDA:2,MasterChefV1Adapter.rewardTokens
DA:139,2
DA:140,2
FN:147,MasterChefV1Adapter.supportsInterface
FNDA:0,MasterChefV1Adapter.supportsInterface
DA:150,0
FNF:9
FNH:8
LF:20
LH:19
BRF:2
BRH:1
end_of_record
TN:
SF:src/vault/adapter/sushi/masterChefV2/MasterChefV2Adapter.sol
FN:47,MasterChefV2Adapter.initialize
FNDA:2,MasterChefV2Adapter.initialize
DA:52,2
DA:54,2
DA:59,2
DA:60,2
DA:62,2
BRDA:62,0,0,-
BRDA:62,0,1,2
DA:64,2
DA:65,2
DA:67,2
DA:72,2
DA:74,2
FN:77,MasterChefV2Adapter.name
FNDA:1,MasterChefV2Adapter.name
DA:83,3
FN:86,MasterChefV2Adapter.symbol
FNDA:1,MasterChefV2Adapter.symbol
DA:92,1
FN:102,MasterChefV2Adapter._totalAssets
FNDA:17748,MasterChefV2Adapter._totalAssets
DA:103,17748
DA:107,17748
FN:114,MasterChefV2Adapter._protocolDeposit
FNDA:3086,MasterChefV2Adapter._protocolDeposit
DA:115,3086
FN:118,MasterChefV2Adapter._protocolWithdraw
FNDA:1545,MasterChefV2Adapter._protocolWithdraw
DA:119,1545
FN:126,MasterChefV2Adapter.claim
FNDA:1,MasterChefV2Adapter.claim
DA:127,1
FN:133,MasterChefV2Adapter.rewardTokens
FNDA:2,MasterChefV2Adapter.rewardTokens
DA:139,2
DA:141,2
BRDA:141,1,0,-
BRDA:141,1,1,-
DA:142,0
DA:144,2
DA:145,2
DA:147,2
FN:154,MasterChefV2Adapter.supportsInterface
FNDA:0,MasterChefV2Adapter.supportsInterface
DA:157,0
FNF:9
FNH:8
LF:24
LH:22
BRF:4
BRH:1
end_of_record
TN:
SF:src/vault/adapter/velodrome/VelodromeAdapter.sol
FN:46,VelodromeAdapter.initialize
FNDA:1,VelodromeAdapter.initialize
DA:51,1
DA:53,1
DA:55,1
BRDA:55,0,0,-
BRDA:55,0,1,1
DA:56,0
DA:58,1
DA:60,1
BRDA:60,1,0,-
BRDA:60,1,1,1
DA:62,1
DA:63,1
DA:64,1
DA:66,1
DA:71,1
DA:73,1
FN:76,VelodromeAdapter.name
FNDA:1,VelodromeAdapter.name
DA:82,2
FN:85,VelodromeAdapter.symbol
FNDA:1,VelodromeAdapter.symbol
DA:91,1
FN:100,VelodromeAdapter._totalAssets
FNDA:17741,VelodromeAdapter._totalAssets
DA:101,17741
FN:108,VelodromeAdapter._protocolDeposit
FNDA:3085,VelodromeAdapter._protocolDeposit
DA:109,3085
FN:112,VelodromeAdapter._protocolWithdraw
FNDA:1544,VelodromeAdapter._protocolWithdraw
DA:113,1544
FN:120,VelodromeAdapter.claim
FNDA:0,VelodromeAdapter.claim
DA:121,0
FN:127,VelodromeAdapter.rewardTokens
FNDA:0,VelodromeAdapter.rewardTokens
DA:128,0
FN:135,VelodromeAdapter.supportsInterface
FNDA:0,VelodromeAdapter.supportsInterface
DA:138,0
FNF:9
FNH:6
LF:20
LH:16
BRF:4
BRH:2
end_of_record
TN:
SF:src/vault/adapter/yearn/YearnAdapter.sol
FN:39,YearnAdapter.initialize
FNDA:770,YearnAdapter.initialize
DA:44,770
DA:48,770
DA:50,770
DA:52,770
DA:57,770
DA:59,770
DA:60,770
BRDA:60,0,0,1
BRDA:60,0,1,769
DA:62,769
FN:65,YearnAdapter.name
FNDA:2,YearnAdapter.name
DA:71,773
FN:74,YearnAdapter.symbol
FNDA:2,YearnAdapter.symbol
DA:80,2
FN:88,YearnAdapter._totalAssets
FNDA:34985,YearnAdapter._totalAssets
DA:89,34985
FN:93,YearnAdapter._shareValue
FNDA:34985,YearnAdapter._shareValue
DA:94,34985
BRDA:94,1,0,-
BRDA:94,1,1,34985
DA:96,34985
FN:105,YearnAdapter._freeFunds
FNDA:34985,YearnAdapter._freeFunds
DA:106,34985
FN:113,YearnAdapter._yTotalAssets
FNDA:20560,YearnAdapter._yTotalAssets
DA:114,20560
FN:118,YearnAdapter._calculateLockedProfit
FNDA:34985,YearnAdapter._calculateLockedProfit
DA:119,34985
DA:122,34985
BRDA:122,2,0,-
BRDA:122,2,1,20560
DA:123,20560
DA:124,20560
DA:128,14425
FN:133,YearnAdapter.convertToUnderlyingShares
FNDA:0,YearnAdapter.convertToUnderlyingShares
DA:137,2577
DA:138,2577
FN:148,YearnAdapter.previewDeposit
FNDA:512,YearnAdapter.previewDeposit
DA:151,5139
FN:154,YearnAdapter.previewMint
FNDA:3846,YearnAdapter.previewMint
DA:157,5900
FN:160,YearnAdapter.previewWithdraw
FNDA:1280,YearnAdapter.previewWithdraw
DA:163,2311
FN:166,YearnAdapter.previewRedeem
FNDA:512,YearnAdapter.previewRedeem
DA:169,2054
FN:177,YearnAdapter.maxDeposit
FNDA:4,YearnAdapter.maxDeposit
DA:178,4633
BRDA:178,3,0,4
BRDA:178,3,1,4629
DA:180,4629
DA:181,4629
DA:182,4629
DA:183,4629
BRDA:183,4,0,-
BRDA:183,4,1,4629
DA:184,4629
FN:191,YearnAdapter._protocolDeposit
FNDA:6683,YearnAdapter._protocolDeposit
DA:195,6683
FN:198,YearnAdapter._protocolWithdraw
FNDA:2577,YearnAdapter._protocolWithdraw
DA:202,2577
FNF:16
FNH:15
LF:34
LH:34
BRF:10
BRH:7
end_of_record
TN:
SF:src/vault/adapter/yearn/factory/YearnFactoryAdapter.sol
FN:32,YearnFactoryAdapter.initialize
FNDA:1,YearnFactoryAdapter.initialize
DA:37,1
DA:39,1
DA:44,1
DA:47,1
DA:49,1
BRDA:49,0,0,-
BRDA:49,0,1,1
DA:50,1
BRDA:50,1,0,-
BRDA:50,1,1,1
DA:52,1
DA:57,1
DA:59,1
FN:66,YearnFactoryAdapter._yTotalAssets
FNDA:14425,YearnFactoryAdapter._yTotalAssets
DA:67,14425
FNF:2
FNH:2
LF:10
LH:10
BRF:4
BRH:2
end_of_record
TN:
SF:src/vault/strategy/RewardsClaimer.sol
FN:17,RewardsClaimer.harvest
FNDA:0,RewardsClaimer.harvest
DA:18,0
DA:20,0
DA:22,0
DA:23,0
DA:25,0
DA:26,0
DA:27,0
DA:29,0
DA:31,0
FNF:1
FNH:0
LF:9
LH:0
BRF:0
BRH:0
end_of_record
TN:
SF:src/vault/strategy/StrategyBase.sol
FN:12,StrategyBase.verifyAdapterSelectorCompatibility
FNDA:0,StrategyBase.verifyAdapterSelectorCompatibility
DA:13,0
DA:14,0
DA:15,0
BRDA:15,0,0,-
BRDA:15,0,1,-
DA:16,0
BRDA:16,1,0,-
BRDA:16,1,1,-
DA:17,0
FN:21,StrategyBase.verifyAdapterCompatibility
FNDA:0,StrategyBase.verifyAdapterCompatibility
FN:23,StrategyBase.setUp
FNDA:0,StrategyBase.setUp
FN:25,StrategyBase.harvest
FNDA:0,StrategyBase.harvest
FNF:4
FNH:0
LF:5
LH:0
BRF:4
BRH:0
end_of_record
TN:
SF:src/vault/strategy/compounder/curve/CurveCompounder.sol
FN:28,CurveCompounder.verifyAdapterCompatibility
FNDA:0,CurveCompounder.verifyAdapterCompatibility
DA:29,0
DA:36,0
DA:41,0
DA:43,0
FN:51,CurveCompounder._verifyRewardToken
FNDA:0,CurveCompounder._verifyRewardToken
DA:56,0
DA:58,0
DA:59,0
DA:60,0
BRDA:60,0,0,-
BRDA:60,0,1,-
DA:61,0
DA:64,0
DA:65,0
DA:66,0
BRDA:66,1,0,-
BRDA:66,1,1,-
DA:67,0
DA:68,0
DA:70,0
BRDA:70,2,0,-
BRDA:70,2,1,-
DA:71,0
FN:75,CurveCompounder._verifyAsset
FNDA:0,CurveCompounder._verifyAsset
DA:82,0
BRDA:82,3,0,-
BRDA:82,3,1,-
DA:83,0
BRDA:83,4,0,-
BRDA:83,4,1,-
DA:86,0
DA:87,0
DA:88,0
BRDA:88,5,0,-
BRDA:88,5,1,-
DA:89,0
DA:91,0
BRDA:91,6,0,-
BRDA:91,6,1,-
FN:99,CurveCompounder.setUp
FNDA:0,CurveCompounder.setUp
DA:100,0
DA:107,0
DA:112,0
DA:114,0
FN:122,CurveCompounder._approveRewards
FNDA:0,CurveCompounder._approveRewards
DA:124,0
DA:126,0
DA:127,0
DA:128,0
FN:132,CurveCompounder._setUpAsset
FNDA:0,CurveCompounder._setUpAsset
DA:138,0
BRDA:138,7,0,-
BRDA:138,7,1,-
DA:139,0
FN:147,CurveCompounder.harvest
FNDA:2,CurveCompounder.harvest
DA:148,2
DA:155,2
DA:160,2
DA:162,2
DA:164,2
DA:166,2
DA:168,2
DA:171,2
DA:176,2
FN:179,CurveCompounder._swapToBaseAsset
FNDA:2,CurveCompounder._swapToBaseAsset
DA:185,2
DA:187,2
DA:188,2
DA:189,3
DA:192,3
BRDA:192,8,0,-
BRDA:192,8,1,3
DA:193,3
FN:202,CurveCompounder._getAsset
FNDA:1,CurveCompounder._getAsset
DA:210,1
BRDA:210,9,0,-
BRDA:210,9,1,1
DA:211,1
FNF:9
FNH:3
LF:50
LH:17
BRF:20
BRH:2
end_of_record
TN:
SF:src/vault/strategy/compounder/curve/CurveLpCompounder.sol
FN:14,CurveLpCompounder._verifyAsset
FNDA:0,CurveLpCompounder._verifyAsset
DA:20,0
DA:26,0
BRDA:26,0,0,-
BRDA:26,0,1,-
DA:29,0
DA:30,0
DA:31,0
BRDA:31,1,0,-
BRDA:31,1,1,-
DA:32,0
DA:34,0
BRDA:34,2,0,-
BRDA:34,2,1,-
FNF:1
FNH:0
LF:7
LH:0
BRF:6
BRH:0
end_of_record
TN:
SF:src/vault/strategy/compounder/curve/CurveStargateCompounder.sol
FN:11,CurveStargateCompounder._verifyAsset
FNDA:0,CurveStargateCompounder._verifyAsset
DA:17,0
DA:20,0
BRDA:20,0,0,-
BRDA:20,0,1,-
DA:21,0
BRDA:21,1,0,-
BRDA:21,1,1,-
DA:24,0
DA:25,0
DA:26,0
BRDA:26,2,0,-
BRDA:26,2,1,-
DA:27,0
DA:29,0
BRDA:29,3,0,-
BRDA:29,3,1,-
FN:33,CurveStargateCompounder._setUpAsset
FNDA:0,CurveStargateCompounder._setUpAsset
DA:39,0
DA:41,0
BRDA:41,4,0,-
BRDA:41,4,1,-
DA:42,0
DA:44,0
DA:45,0
FN:48,CurveStargateCompounder._getAsset
FNDA:1,CurveStargateCompounder._getAsset
DA:55,1
DA:56,1
DA:59,1
BRDA:59,5,0,-
BRDA:59,5,1,-
DA:60,0
DA:67,1
DA:68,1
FNF:3
FNH:1
LF:19
LH:5
BRF:12
BRH:0
end_of_record
TN:
SF:src/vault/strategy/compounder/uni/v3/UniV3Compounder.sol
FN:23,UniV3Compounder.verifyAdapterCompatibility
FNDA:0,UniV3Compounder.verifyAdapterCompatibility
DA:24,0
DA:31,0
DA:36,0
DA:38,0
FN:46,UniV3Compounder._verifyRewardToken
FNDA:0,UniV3Compounder._verifyRewardToken
DA:51,0
DA:53,0
DA:54,0
DA:55,0
DA:60,0
BRDA:59,0,0,-
BRDA:59,0,1,-
DA:62,0
FN:66,UniV3Compounder._verifyAsset
FNDA:0,UniV3Compounder._verifyAsset
DA:72,0
BRDA:72,1,0,-
BRDA:72,1,1,-
DA:74,0
DA:77,0
BRDA:77,2,0,-
BRDA:77,2,1,-
DA:78,0
BRDA:78,3,0,-
BRDA:78,3,1,-
DA:79,0
FN:87,UniV3Compounder.setUp
FNDA:0,UniV3Compounder.setUp
DA:88,0
DA:95,0
DA:100,0
DA:102,0
FN:110,UniV3Compounder._approveRewards
FNDA:0,UniV3Compounder._approveRewards
DA:112,0
DA:114,0
DA:115,0
DA:116,0
FN:120,UniV3Compounder._setUpAsset
FNDA:0,UniV3Compounder._setUpAsset
DA:126,0
BRDA:126,4,0,-
BRDA:126,4,1,-
DA:127,0
FN:135,UniV3Compounder.harvest
FNDA:1,UniV3Compounder.harvest
DA:136,1
DA:143,1
DA:148,1
DA:150,1
DA:152,1
DA:154,1
DA:156,1
DA:159,1
DA:164,1
FN:167,UniV3Compounder._swapToBaseAsset
FNDA:1,UniV3Compounder._swapToBaseAsset
DA:173,1
DA:175,1
DA:176,1
DA:177,1
DA:180,1
BRDA:180,5,0,-
BRDA:180,5,1,1
DA:181,1
FN:185,UniV3Compounder._getAsset
FNDA:0,UniV3Compounder._getAsset
DA:193,0
BRDA:193,6,0,-
BRDA:193,6,1,-
DA:194,0
FNF:9
FNH:2
LF:42
LH:15
BRF:14
BRH:1
end_of_record
TN:
SF:src/vault/strategy/compounder/uni/v3/UniV3StargateCompounder.sol
FN:10,UniV3StargateCompounder._verifyAsset
FNDA:0,UniV3StargateCompounder._verifyAsset
DA:16,0
DA:17,0
BRDA:17,0,0,-
BRDA:17,0,1,-
DA:18,0
DA:21,0
BRDA:21,1,0,-
BRDA:21,1,1,-
DA:22,0
BRDA:22,2,0,-
BRDA:22,2,1,-
DA:23,0
FN:27,UniV3StargateCompounder._setUpAsset
FNDA:0,UniV3StargateCompounder._setUpAsset
DA:33,0
DA:35,0
BRDA:35,3,0,-
BRDA:35,3,1,-
DA:36,0
DA:38,0
DA:39,0
FN:42,UniV3StargateCompounder._getAsset
FNDA:1,UniV3StargateCompounder._getAsset
DA:49,1
DA:50,1
DA:53,1
BRDA:53,4,0,-
BRDA:53,4,1,-
DA:54,0
DA:60,1
DA:61,1
FNF:3
FNH:1
LF:17
LH:5
BRF:10
BRH:0
end_of_record
TN:
SF:test/utils/EnhancedTest.sol
FN:7,EnhancedTest.assertApproxGeAbs
FNDA:0,EnhancedTest.assertApproxGeAbs
DA:8,0
BRDA:8,0,0,-
BRDA:8,0,1,-
DA:9,0
DA:10,0
BRDA:10,1,0,-
BRDA:10,1,1,-
DA:11,0
DA:12,0
DA:13,0
DA:14,0
DA:15,0
DA:16,0
FN:21,EnhancedTest.assertApproxGeAbs
FNDA:0,EnhancedTest.assertApproxGeAbs
DA:22,0
BRDA:22,2,0,-
BRDA:22,2,1,-
DA:23,0
DA:24,0
BRDA:24,3,0,-
BRDA:24,3,1,-
DA:25,0
DA:26,0
DA:27,0
DA:28,0
DA:29,0
DA:30,0
DA:31,0
FN:36,EnhancedTest.assertApproxLeAbs
FNDA:0,EnhancedTest.assertApproxLeAbs
DA:37,0
BRDA:37,4,0,-
BRDA:37,4,1,-
DA:38,0
DA:39,0
BRDA:39,5,0,-
BRDA:39,5,1,-
DA:40,0
DA:41,0
DA:42,0
DA:43,0
DA:44,0
DA:45,0
FN:50,EnhancedTest.assertApproxLeAbs
FNDA:0,EnhancedTest.assertApproxLeAbs
DA:51,0
BRDA:51,6,0,-
BRDA:51,6,1,-
DA:52,0
DA:53,0
BRDA:53,7,0,-
BRDA:53,7,1,-
DA:54,0
DA:55,0
DA:56,0
DA:57,0
DA:58,0
DA:59,0
DA:60,0
FN:7,EnhancedTest.assertApproxGeAbs
FNDA:0,EnhancedTest.assertApproxGeAbs
DA:8,0
BRDA:8,0,0,-
BRDA:8,0,1,-
DA:9,0
DA:10,0
BRDA:10,1,0,-
BRDA:10,1,1,-
DA:11,0
DA:12,0
DA:13,0
DA:14,0
DA:15,0
DA:16,0
FN:21,EnhancedTest.assertApproxGeAbs
FNDA:0,EnhancedTest.assertApproxGeAbs
DA:22,0
BRDA:22,2,0,-
BRDA:22,2,1,-
DA:23,0
DA:24,0
BRDA:24,3,0,-
BRDA:24,3,1,-
DA:25,0
DA:26,0
DA:27,0
DA:28,0
DA:29,0
DA:30,0
DA:31,0
FN:36,EnhancedTest.assertApproxLeAbs
FNDA:0,EnhancedTest.assertApproxLeAbs
DA:37,0
BRDA:37,4,0,-
BRDA:37,4,1,-
DA:38,0
DA:39,0
BRDA:39,5,0,-
BRDA:39,5,1,-
DA:40,0
DA:41,0
DA:42,0
DA:43,0
DA:44,0
DA:45,0
FN:50,EnhancedTest.assertApproxLeAbs
FNDA:0,EnhancedTest.assertApproxLeAbs
DA:51,0
BRDA:51,6,0,-
BRDA:51,6,1,-
DA:52,0
DA:53,0
BRDA:53,7,0,-
BRDA:53,7,1,-
DA:54,0
DA:55,0
DA:56,0
DA:57,0
DA:58,0
DA:59,0
DA:60,0
FNF:8
FNH:0
LF:76
LH:0
BRF:32
BRH:0
end_of_record
TN:
SF:test/utils/Faucet.sol
FN:109,Faucet.sendTokens
FNDA:0,Faucet.sendTokens
DA:110,0
DA:111,0
DA:112,0
DA:113,0
FN:116,Faucet.sendCrv3CryptoLPTokens
FNDA:0,Faucet.sendCrv3CryptoLPTokens
DA:117,0
DA:118,0
DA:119,0
FN:122,Faucet.sendCrvAaveLPTokens
FNDA:0,Faucet.sendCrvAaveLPTokens
DA:123,0
DA:124,0
DA:125,0
FN:128,Faucet.sendCrvCompLPTokens
FNDA:0,Faucet.sendCrvCompLPTokens
DA:129,0
DA:130,0
DA:131,0
DA:132,0
DA:133,0
FN:136,Faucet.sendCrvCvxCrvLPTokens
FNDA:0,Faucet.sendCrvCvxCrvLPTokens
DA:137,0
DA:138,0
DA:139,0
FN:142,Faucet.sendCrvIbBtcLPTokens
FNDA:0,Faucet.sendCrvIbBtcLPTokens
DA:143,0
DA:144,0
DA:145,0
DA:146,0
FN:149,Faucet.sendCrvSethLPTokens
FNDA:0,Faucet.sendCrvSethLPTokens
DA:150,0
DA:151,0
FN:154,Faucet.sendThreeCrv
FNDA:0,Faucet.sendThreeCrv
DA:155,0
DA:156,0
DA:157,0
FNF:8
FNH:0
LF:27
LH:0
BRF:0
BRH:0
end_of_record
TN:
SF:test/utils/mocks/ClonableWithInitData.sol
FN:8,ClonableWithInitData.initialize
FNDA:3,ClonableWithInitData.initialize
DA:9,3
FNF:1
FNH:1
LF:1
LH:1
BRF:0
BRH:0
end_of_record
TN:
SF:test/utils/mocks/ClonableWithoutInitData.sol
FN:10,ClonableWithoutInitData.initialize
FNDA:2,ClonableWithoutInitData.initialize
DA:11,2
FN:14,ClonableWithoutInitData.fail
FNDA:1,ClonableWithoutInitData.fail
DA:15,1
FNF:2
FNH:2
LF:2
LH:2
BRF:0
BRH:0
end_of_record
TN:
SF:test/utils/mocks/MockAdapter.sol
FN:30,MockAdapter.initialize
FNDA:26,MockAdapter.initialize
DA:35,26
DA:37,26
DA:39,26
BRDA:39,0,0,26
BRDA:39,0,1,26
FN:46,MockAdapter._totalAssets
FNDA:28,MockAdapter._totalAssets
DA:47,28
FN:54,MockAdapter._protocolDeposit
FNDA:4,MockAdapter._protocolDeposit
DA:55,4
DA:56,4
FN:59,MockAdapter._protocolWithdraw
FNDA:3,MockAdapter._protocolWithdraw
DA:60,3
DA:61,3
FN:14,MockYieldFarm.withdraw
FNDA:3,MockYieldFarm.withdraw
DA:15,3
FNF:5
FNH:5
LF:9
LH:9
BRF:2
BRH:2
end_of_record
TN:
SF:test/utils/mocks/MockERC20.sol
FN:18,MockERC20.decimals
FNDA:145,MockERC20.decimals
DA:19,145
FN:22,MockERC20.mint
FNDA:2629,MockERC20.mint
DA:23,2629
FN:26,MockERC20.burn
FNDA:0,MockERC20.burn
DA:27,0
FNF:3
FNH:2
LF:3
LH:2
BRF:0
BRH:0
end_of_record
TN:
SF:test/utils/mocks/MockERC4626.sol
FN:24,MockERC4626.initialize
FNDA:3,MockERC4626.initialize
DA:29,3
DA:30,3
FN:37,MockERC4626.decimals
FNDA:0,MockERC4626.decimals
DA:38,0
FN:45,MockERC4626._convertToShares
FNDA:4367,MockERC4626._convertToShares
DA:46,4367
FN:49,MockERC4626._convertToAssets
FNDA:15927,MockERC4626._convertToAssets
DA:50,15927
FN:57,MockERC4626._deposit
FNDA:1801,MockERC4626._deposit
DA:63,1801
DA:64,1801
DA:66,1801
DA:68,1801
FN:71,MockERC4626._withdraw
FNDA:1031,MockERC4626._withdraw
DA:78,1031
BRDA:78,0,0,-
BRDA:78,0,1,1031
DA:79,0
DA:82,1031
DA:84,1031
DA:85,1031
DA:87,1031
FNF:6
FNH:5
LF:15
LH:13
BRF:2
BRH:1
end_of_record
TN:
SF:test/utils/mocks/MockStrategy.sol
FN:9,MockStrategy.verifyAdapterSelectorCompatibility
FNDA:0,MockStrategy.verifyAdapterSelectorCompatibility
DA:10,0
FN:13,MockStrategy.verifyAdapterCompatibility
FNDA:0,MockStrategy.verifyAdapterCompatibility
DA:14,0
FN:17,MockStrategy.setUp
FNDA:0,MockStrategy.setUp
DA:18,0
FN:21,MockStrategy.harvest
FNDA:0,MockStrategy.harvest
DA:22,0
FN:9,MockStrategy.verifyAdapterSelectorCompatibility
FNDA:0,MockStrategy.verifyAdapterSelectorCompatibility
DA:10,0
FN:13,MockStrategy.verifyAdapterCompatibility
FNDA:0,MockStrategy.verifyAdapterCompatibility
DA:14,0
FN:17,MockStrategy.setUp
FNDA:0,MockStrategy.setUp
DA:18,0
FN:21,MockStrategy.harvest
FNDA:0,MockStrategy.harvest
DA:22,0
FNF:8
FNH:0
LF:8
LH:0
BRF:0
BRH:0
end_of_record
TN:
SF:test/utils/mocks/MockStrategyClaimer.sol
FN:13,MockStrategyClaimer.verifyAdapterSelectorCompatibility
FNDA:0,MockStrategyClaimer.verifyAdapterSelectorCompatibility
DA:14,0
FN:17,MockStrategyClaimer.verifyAdapterCompatibility
FNDA:0,MockStrategyClaimer.verifyAdapterCompatibility
DA:18,0
FN:21,MockStrategyClaimer.setUp
FNDA:0,MockStrategyClaimer.setUp
DA:22,0
FN:25,MockStrategyClaimer.harvest
FNDA:0,MockStrategyClaimer.harvest
DA:26,0
DA:27,0
DA:29,0
DA:30,0
DA:33,0
FN:13,MockStrategyClaimer.verifyAdapterSelectorCompatibility
FNDA:0,MockStrategyClaimer.verifyAdapterSelectorCompatibility
DA:14,0
FN:17,MockStrategyClaimer.verifyAdapterCompatibility
FNDA:0,MockStrategyClaimer.verifyAdapterCompatibility
DA:18,0
FN:21,MockStrategyClaimer.setUp
FNDA:0,MockStrategyClaimer.setUp
DA:22,0
FN:25,MockStrategyClaimer.harvest
FNDA:0,MockStrategyClaimer.harvest
DA:26,0
DA:27,0
DA:29,0
DA:30,0
DA:33,0
FNF:8
FNH:0
LF:16
LH:0
BRF:0
BRH:0
end_of_record
TN:
SF:test/vault/adapter/aave/aaveV2/AaveV2Adapter.t.sol
FN:20,AaveV2AdapterTest.setUp
FNDA:0,AaveV2AdapterTest.setUp
DA:21,0
DA:22,0
DA:24,0
DA:26,0
FN:29,AaveV2AdapterTest.overrideSetup
FNDA:0,AaveV2AdapterTest.overrideSetup
DA:30,0
FN:33,AaveV2AdapterTest._setUpTest
FNDA:0,AaveV2AdapterTest._setUpTest
DA:34,0
DA:35,0
DA:37,0
DA:38,0
DA:39,0
DA:41,0
DA:43,0
DA:44,0
DA:45,0
DA:46,0
DA:47,0
DA:49,0
FN:56,AaveV2AdapterTest.increasePricePerShare
FNDA:0,AaveV2AdapterTest.increasePricePerShare
DA:57,1025
FN:60,AaveV2AdapterTest.iouBalance
FNDA:0,AaveV2AdapterTest.iouBalance
DA:61,3
FN:65,AaveV2AdapterTest.verify_totalAssets
FNDA:0,AaveV2AdapterTest.verify_totalAssets
DA:67,1
DA:68,1
DA:69,1
DA:70,1
DA:71,1
DA:73,1
FN:84,AaveV2AdapterTest.verify_adapterInit
FNDA:0,AaveV2AdapterTest.verify_adapterInit
DA:85,1
DA:86,1
DA:91,1
DA:97,1
FNF:7
FNH:0
LF:29
LH:12
BRF:0
BRH:0
end_of_record
TN:
SF:test/vault/adapter/aave/aaveV2/AaveV2TestConfigStorage.sol
FN:23,AaveV2TestConfigStorage.getTestConfig
FNDA:0,AaveV2TestConfigStorage.getTestConfig
DA:24,0
FN:27,AaveV2TestConfigStorage.getTestConfigLength
FNDA:0,AaveV2TestConfigStorage.getTestConfigLength
DA:28,0
FN:23,AaveV2TestConfigStorage.getTestConfig
FNDA:0,AaveV2TestConfigStorage.getTestConfig
DA:24,0
FN:27,AaveV2TestConfigStorage.getTestConfigLength
FNDA:0,AaveV2TestConfigStorage.getTestConfigLength
DA:28,0
FNF:4
FNH:0
LF:4
LH:0
BRF:0
BRH:0
end_of_record
TN:
SF:test/vault/adapter/aave/aaveV3/AaveV3Adapter.t.sol
FN:19,AaveV3AdapterTest.setUp
FNDA:0,AaveV3AdapterTest.setUp
DA:20,0
DA:21,0
DA:23,0
DA:25,0
FN:28,AaveV3AdapterTest.overrideSetup
FNDA:0,AaveV3AdapterTest.overrideSetup
DA:29,0
FN:32,AaveV3AdapterTest._setUpTest
FNDA:0,AaveV3AdapterTest._setUpTest
DA:33,0
DA:34,0
DA:36,0
DA:37,0
DA:38,0
DA:40,0
DA:42,0
DA:43,0
DA:44,0
DA:45,0
DA:46,0
DA:48,0
DA:50,0
DA:51,0
DA:52,0
DA:53,0
DA:54,0
FN:61,AaveV3AdapterTest.increasePricePerShare
FNDA:0,AaveV3AdapterTest.increasePricePerShare
DA:62,1025
FN:65,AaveV3AdapterTest.iouBalance
FNDA:0,AaveV3AdapterTest.iouBalance
DA:66,3
FN:70,AaveV3AdapterTest.verify_totalAssets
FNDA:0,AaveV3AdapterTest.verify_totalAssets
DA:72,1
DA:73,1
DA:74,1
DA:75,1
DA:76,1
DA:78,1
FN:89,AaveV3AdapterTest.verify_adapterInit
FNDA:0,AaveV3AdapterTest.verify_adapterInit
DA:90,1
DA:91,1
DA:96,1
DA:102,1
FN:105,AaveV3AdapterTest.getApy
FNDA:0,AaveV3AdapterTest.getApy
DA:106,0
DA:107,0
DA:108,0
FNF:8
FNH:0
LF:37
LH:12
BRF:0
BRH:0
end_of_record
TN:
SF:test/vault/adapter/aave/aaveV3/AaveV3TestConfigStorage.sol
FN:23,AaveV3TestConfigStorage.getTestConfig
FNDA:0,AaveV3TestConfigStorage.getTestConfig
DA:24,0
FN:27,AaveV3TestConfigStorage.getTestConfigLength
FNDA:0,AaveV3TestConfigStorage.getTestConfigLength
DA:28,0
FN:23,AaveV3TestConfigStorage.getTestConfig
FNDA:0,AaveV3TestConfigStorage.getTestConfig
DA:24,0
FN:27,AaveV3TestConfigStorage.getTestConfigLength
FNDA:0,AaveV3TestConfigStorage.getTestConfigLength
DA:28,0
FNF:4
FNH:0
LF:4
LH:0
BRF:0
BRH:0
end_of_record
TN:
SF:test/vault/adapter/abstract/PropertyTest.prop.sol
FN:20,PropertyTest.prop_asset
FNDA:0,PropertyTest.prop_asset
DA:21,3
FN:25,PropertyTest.prop_totalAssets
FNDA:0,PropertyTest.prop_totalAssets
DA:26,3
FN:34,PropertyTest.prop_convertToShares
FNDA:0,PropertyTest.prop_convertToShares
DA:39,3
DA:40,3
DA:41,3
DA:42,3
DA:43,3
FN:47,PropertyTest.prop_convertToAssets
FNDA:0,PropertyTest.prop_convertToAssets
DA:52,3
DA:53,3
DA:54,3
DA:55,3
DA:56,3
FN:64,PropertyTest.prop_maxDeposit
FNDA:0,PropertyTest.prop_maxDeposit
DA:65,3
FN:69,PropertyTest.prop_maxMint
FNDA:0,PropertyTest.prop_maxMint
DA:70,3
FN:75,PropertyTest.prop_maxWithdraw
FNDA:0,PropertyTest.prop_maxWithdraw
DA:76,3
FN:80,PropertyTest.prop_maxRedeem
FNDA:0,PropertyTest.prop_maxRedeem
DA:81,3
FN:92,PropertyTest.prop_previewDeposit
FNDA:0,PropertyTest.prop_previewDeposit
DA:98,768
DA:100,768
DA:101,768
DA:103,768
FN:110,PropertyTest.prop_previewMint
FNDA:0,PropertyTest.prop_previewMint
DA:116,768
DA:118,768
DA:119,768
DA:121,768
FN:128,PropertyTest.prop_previewWithdraw
FNDA:0,PropertyTest.prop_previewWithdraw
DA:135,768
DA:137,768
DA:138,768
DA:140,768
FN:147,PropertyTest.prop_previewRedeem
FNDA:0,PropertyTest.prop_previewRedeem
DA:154,768
DA:155,768
DA:156,768
DA:157,768
FN:164,PropertyTest.prop_deposit
FNDA:0,PropertyTest.prop_deposit
DA:170,1536
DA:171,1536
DA:172,1536
DA:174,1536
DA:175,1536
DA:177,1536
DA:178,1536
DA:179,1536
DA:181,1536
DA:187,1536
DA:193,1536
BRDA:193,0,0,1536
BRDA:193,0,1,1536
DA:194,1536
DA:201,1536
FN:204,PropertyTest.prop_mint
FNDA:0,PropertyTest.prop_mint
DA:210,1536
DA:211,1536
DA:212,1536
DA:214,1536
DA:215,1536
DA:217,1536
DA:218,1536
DA:219,1536
DA:221,1536
DA:227,1536
DA:233,1536
BRDA:233,1,0,1536
BRDA:233,1,1,1536
DA:234,1536
DA:241,1536
FN:245,PropertyTest.prop_withdraw
FNDA:0,PropertyTest.prop_withdraw
DA:251,1536
DA:252,1536
DA:253,1536
DA:255,1536
DA:256,1536
DA:258,1536
DA:259,1536
DA:260,1536
DA:262,1536
DA:268,1536
DA:274,1536
BRDA:274,2,0,-
BRDA:274,2,1,1536
DA:275,0
DA:282,1536
DA:289,1536
FN:293,PropertyTest.prop_redeem
FNDA:0,PropertyTest.prop_redeem
DA:299,1536
DA:300,1536
DA:301,1536
DA:303,1536
DA:304,1536
DA:306,1536
DA:307,1536
DA:308,1536
DA:310,1536
DA:316,1536
DA:322,1536
BRDA:322,3,0,-
BRDA:322,3,1,1536
DA:323,0
DA:330,1536
DA:337,1536
FN:20,PropertyTest.prop_asset
FNDA:0,PropertyTest.prop_asset
DA:21,4
FN:25,PropertyTest.prop_totalAssets
FNDA:0,PropertyTest.prop_totalAssets
DA:26,4
FN:34,PropertyTest.prop_convertToShares
FNDA:0,PropertyTest.prop_convertToShares
DA:39,4
DA:40,4
DA:41,4
DA:42,4
DA:43,4
FN:47,PropertyTest.prop_convertToAssets
FNDA:0,PropertyTest.prop_convertToAssets
DA:52,4
DA:53,4
DA:54,4
DA:55,4
DA:56,4
FN:64,PropertyTest.prop_maxDeposit
FNDA:0,PropertyTest.prop_maxDeposit
DA:65,4
FN:69,PropertyTest.prop_maxMint
FNDA:0,PropertyTest.prop_maxMint
DA:70,4
FN:75,PropertyTest.prop_maxWithdraw
FNDA:0,PropertyTest.prop_maxWithdraw
DA:76,4
FN:80,PropertyTest.prop_maxRedeem
FNDA:0,PropertyTest.prop_maxRedeem
DA:81,4
FN:92,PropertyTest.prop_previewDeposit
FNDA:0,PropertyTest.prop_previewDeposit
DA:98,1024
DA:100,1024
DA:101,1024
DA:103,1024
FN:110,PropertyTest.prop_previewMint
FNDA:0,PropertyTest.prop_previewMint
DA:116,1024
DA:118,1024
DA:119,1024
DA:121,1024
FN:128,PropertyTest.prop_previewWithdraw
FNDA:0,PropertyTest.prop_previewWithdraw
DA:135,1024
DA:137,1024
DA:138,1024
DA:140,1024
FN:147,PropertyTest.prop_previewRedeem
FNDA:0,PropertyTest.prop_previewRedeem
DA:154,1024
DA:155,1024
DA:156,1024
DA:157,1024
FN:164,PropertyTest.prop_deposit
FNDA:0,PropertyTest.prop_deposit
DA:170,2048
DA:171,2048
DA:172,2048
DA:174,2048
DA:175,2048
DA:177,2048
DA:178,2048
DA:179,2048
DA:181,2048
DA:187,2048
DA:193,2048
BRDA:193,0,0,2048
BRDA:193,0,1,2048
DA:194,2048
DA:201,2048
FN:204,PropertyTest.prop_mint
FNDA:0,PropertyTest.prop_mint
DA:210,2048
DA:211,2048
DA:212,2048
DA:214,2048
DA:215,2048
DA:217,2048
DA:218,2048
DA:219,2048
DA:221,2048
DA:227,2048
DA:233,2048
BRDA:233,1,0,2048
BRDA:233,1,1,2048
DA:234,2048
DA:241,2048
FN:245,PropertyTest.prop_withdraw
FNDA:0,PropertyTest.prop_withdraw
DA:251,2048
DA:252,2048
DA:253,2048
DA:255,2048
DA:256,2048
DA:258,2048
DA:259,2048
DA:260,2048
DA:262,2048
DA:268,2048
DA:274,2048
BRDA:274,2,0,-
BRDA:274,2,1,2048
DA:275,0
DA:282,2048
DA:289,2048
FN:293,PropertyTest.prop_redeem
FNDA:0,PropertyTest.prop_redeem
DA:299,2048
DA:300,2048
DA:301,2048
DA:303,2048
DA:304,2048
DA:306,2048
DA:307,2048
DA:308,2048
DA:310,2048
DA:316,2048
DA:322,2048
BRDA:322,3,0,-
BRDA:322,3,1,2048
DA:323,0
DA:330,2048
DA:337,2048
FNF:32
FNH:0
LF:172
LH:168
BRF:16
BRH:12
end_of_record
TN:
SF:test/vault/adapter/alpaca/alpacaLendV1/AlpacaLendV1TestConfigStorage.sol
FN:19,AlpacaLendV1TestConfigStorage.getTestConfig
FNDA:13,AlpacaLendV1TestConfigStorage.getTestConfig
DA:20,13
FN:23,AlpacaLendV1TestConfigStorage.getTestConfigLength
FNDA:11264,AlpacaLendV1TestConfigStorage.getTestConfigLength
DA:24,11264
FNF:2
FNH:2
LF:2
LH:2
BRF:0
BRH:0
end_of_record
TN:
SF:test/vault/adapter/alpaca/alpacaV2/AlpacaLendV2TestConfigStorage.sol
FN:17,AlpacaLendV2TestConfigStorage.getTestConfig
FNDA:8,AlpacaLendV2TestConfigStorage.getTestConfig
DA:18,8
FN:21,AlpacaLendV2TestConfigStorage.getTestConfigLength
FNDA:5120,AlpacaLendV2TestConfigStorage.getTestConfigLength
DA:22,5120
FNF:2
FNH:2
LF:2
LH:2
BRF:0
BRH:0
end_of_record
TN:
SF:test/vault/adapter/aura/AuraTestConfigStorage.sol
FN:16,AuraTestConfigStorage.getTestConfig
FNDA:0,AuraTestConfigStorage.getTestConfig
DA:17,0
FN:20,AuraTestConfigStorage.getTestConfigLength
FNDA:0,AuraTestConfigStorage.getTestConfigLength
DA:21,0
FNF:2
FNH:0
LF:2
LH:0
BRF:0
BRH:0
end_of_record
TN:
SF:test/vault/adapter/balancer/BalancerGaugeTestConfigStorage.sol
FN:20,BalancerGaugeTestConfigStorage.getTestConfig
FNDA:0,BalancerGaugeTestConfigStorage.getTestConfig
DA:21,0
FN:24,BalancerGaugeTestConfigStorage.getTestConfigLength
FNDA:0,BalancerGaugeTestConfigStorage.getTestConfigLength
DA:25,0
FNF:2
FNH:0
LF:2
LH:0
BRF:0
BRH:0
end_of_record
TN:
SF:test/vault/adapter/beefy/BeefyTestConfigStorage.sol
FN:27,BeefyTestConfigStorage.getTestConfig
FNDA:1027,BeefyTestConfigStorage.getTestConfig
DA:28,1027
FN:31,BeefyTestConfigStorage.getTestConfigLength
FNDA:1024,BeefyTestConfigStorage.getTestConfigLength
DA:32,1024
FNF:2
FNH:2
LF:2
LH:2
BRF:0
BRH:0
end_of_record
TN:
SF:test/vault/adapter/compound/compoundV2/CompoundV2TestConfigStorage.sol
FN:20,CompoundV2TestConfigStorage.getTestConfig
FNDA:0,CompoundV2TestConfigStorage.getTestConfig
DA:21,0
FN:24,CompoundV2TestConfigStorage.getTestConfigLength
FNDA:0,CompoundV2TestConfigStorage.getTestConfigLength
DA:25,0
FNF:2
FNH:0
LF:2
LH:0
BRF:0
BRH:0
end_of_record
TN:
SF:test/vault/adapter/compound/compoundV3/CompoundV3TestConfigStorage.sol
FN:26,CompoundV3TestConfigStorage.getTestConfig
FNDA:0,CompoundV3TestConfigStorage.getTestConfig
DA:27,0
FN:30,CompoundV3TestConfigStorage.getTestConfigLength
FNDA:0,CompoundV3TestConfigStorage.getTestConfigLength
DA:31,0
FNF:2
FNH:0
LF:2
LH:0
BRF:0
BRH:0
end_of_record
TN:
SF:test/vault/adapter/compound/flux/FluxTestConfigStorage.sol
FN:20,FluxTestConfigStorage.getTestConfig
FNDA:0,FluxTestConfigStorage.getTestConfig
DA:21,0
FN:24,FluxTestConfigStorage.getTestConfigLength
FNDA:0,FluxTestConfigStorage.getTestConfigLength
DA:25,0
FNF:2
FNH:0
LF:2
LH:0
BRF:0
BRH:0
end_of_record
TN:
SF:test/vault/adapter/compound/venus/VenusTestConfigStorage.sol
FN:21,VenusTestConfigStorage.getTestConfig
FNDA:0,VenusTestConfigStorage.getTestConfig
DA:22,0
FN:25,VenusTestConfigStorage.getTestConfigLength
FNDA:0,VenusTestConfigStorage.getTestConfigLength
DA:26,0
FNF:2
FNH:0
LF:2
LH:0
BRF:0
BRH:0
end_of_record
TN:
SF:test/vault/adapter/convex/ConvexTestConfigStorage.sol
FN:20,ConvexTestConfigStorage.getTestConfig
FNDA:0,ConvexTestConfigStorage.getTestConfig
DA:21,0
FN:24,ConvexTestConfigStorage.getTestConfigLength
FNDA:0,ConvexTestConfigStorage.getTestConfigLength
DA:25,0
FNF:2
FNH:0
LF:2
LH:0
BRF:0
BRH:0
end_of_record
TN:
SF:test/vault/adapter/curve/gauge/mainnet/CurveGaugeTestConfigStorage.sol
FN:19,CurveGaugeTestConfigStorage.getTestConfig
FNDA:0,CurveGaugeTestConfigStorage.getTestConfig
DA:20,0
FN:23,CurveGaugeTestConfigStorage.getTestConfigLength
FNDA:0,CurveGaugeTestConfigStorage.getTestConfigLength
DA:24,0
FNF:2
FNH:0
LF:2
LH:0
BRF:0
BRH:0
end_of_record
TN:
SF:test/vault/adapter/curve/gauge/other/CurveChildGaugeTestConfigStorage.sol
FN:25,CurveChildGaugeTestConfigStorage.getTestConfig
FNDA:0,CurveChildGaugeTestConfigStorage.getTestConfig
DA:26,0
FN:29,CurveChildGaugeTestConfigStorage.getTestConfigLength
FNDA:0,CurveChildGaugeTestConfigStorage.getTestConfigLength
DA:30,0
FNF:2
FNH:0
LF:2
LH:0
BRF:0
BRH:0
end_of_record
TN:
SF:test/vault/adapter/dotdot/DotDotTestConfigStorage.sol
FN:21,DotDotTestConfigStorage.getTestConfig
FNDA:0,DotDotTestConfigStorage.getTestConfig
DA:22,0
FN:25,DotDotTestConfigStorage.getTestConfigLength
FNDA:0,DotDotTestConfigStorage.getTestConfigLength
DA:26,0
FNF:2
FNH:0
LF:2
LH:0
BRF:0
BRH:0
end_of_record
TN:
SF:test/vault/adapter/ellipsis/lpStaking/EllipsisLpStakingTestConfigStorage.sol
FN:22,EllipsisLpStakingTestConfigStorage.getTestConfig
FNDA:772,EllipsisLpStakingTestConfigStorage.getTestConfig
DA:23,772
FN:26,EllipsisLpStakingTestConfigStorage.getTestConfigLength
FNDA:3584,EllipsisLpStakingTestConfigStorage.getTestConfigLength
DA:27,3584
FNF:2
FNH:2
LF:2
LH:2
BRF:0
BRH:0
end_of_record
TN:
SF:test/vault/adapter/gearbox/passivePool/GearboxPassivPoolAdapter.t.sol
FN:21,GearboxPassivePoolAdapterTest.setUp
FNDA:0,GearboxPassivePoolAdapterTest.setUp
DA:22,0
DA:23,0
DA:25,0
DA:27,0
FN:30,GearboxPassivePoolAdapterTest.overrideSetup
FNDA:0,GearboxPassivePoolAdapterTest.overrideSetup
DA:31,0
FN:34,GearboxPassivePoolAdapterTest._setUpTest
FNDA:0,GearboxPassivePoolAdapterTest._setUpTest
DA:35,0
DA:37,0
DA:38,0
DA:40,0
DA:49,0
DA:50,0
DA:51,0
DA:53,0
DA:55,0
DA:57,0
DA:58,0
DA:59,0
FN:66,GearboxPassivePoolAdapterTest.increasePricePerShare
FNDA:0,GearboxPassivePoolAdapterTest.increasePricePerShare
DA:68,1025
DA:69,1025
FN:72,GearboxPassivePoolAdapterTest.iouBalance
FNDA:0,GearboxPassivePoolAdapterTest.iouBalance
DA:73,4
FN:80,GearboxPassivePoolAdapterTest.verify_adapterInit
FNDA:0,GearboxPassivePoolAdapterTest.verify_adapterInit
DA:81,1
DA:82,1
DA:87,1
DA:93,1
FN:101,GearboxPassivePoolAdapterTest.verify_totalAssets
FNDA:0,GearboxPassivePoolAdapterTest.verify_totalAssets
DA:103,1
DA:105,1
DA:106,1
DA:107,1
DA:108,1
DA:110,1
DA:117,1
FNF:7
FNH:0
LF:31
LH:14
BRF:0
BRH:0
end_of_record
TN:
SF:test/vault/adapter/gearbox/passivePool/GearboxPassivePoolTestConfigStorage.sol
FN:20,GearboxPassivePoolTestConfigStorage.getTestConfig
FNDA:0,GearboxPassivePoolTestConfigStorage.getTestConfig
DA:21,0
FN:24,GearboxPassivePoolTestConfigStorage.getTestConfigLength
FNDA:0,GearboxPassivePoolTestConfigStorage.getTestConfigLength
DA:25,0
FNF:2
FNH:0
LF:2
LH:0
BRF:0
BRH:0
end_of_record
TN:
SF:test/vault/adapter/idle/IdleTestConfigStorage.sol
FN:21,IdleTestConfigStorage.getTestConfig
FNDA:0,IdleTestConfigStorage.getTestConfig
DA:22,0
FN:25,IdleTestConfigStorage.getTestConfigLength
FNDA:0,IdleTestConfigStorage.getTestConfigLength
DA:26,0
FNF:2
FNH:0
LF:2
LH:0
BRF:0
BRH:0
end_of_record
TN:
SF:test/vault/adapter/lido/LidoTestConfigStorage.sol
FN:22,LidoTestConfigStorage.getTestConfig
FNDA:0,LidoTestConfigStorage.getTestConfig
DA:23,0
FN:26,LidoTestConfigStorage.getTestConfigLength
FNDA:0,LidoTestConfigStorage.getTestConfigLength
DA:27,0
FNF:2
FNH:0
LF:2
LH:0
BRF:0
BRH:0
end_of_record
TN:
SF:test/vault/adapter/ousd/OusdTestConfigStorage.sol
FN:19,OusdTestConfigStorage.getTestConfig
FNDA:0,OusdTestConfigStorage.getTestConfig
DA:20,0
FN:23,OusdTestConfigStorage.getTestConfigLength
FNDA:0,OusdTestConfigStorage.getTestConfigLength
DA:24,0
FNF:2
FNH:0
LF:2
LH:0
BRF:0
BRH:0
end_of_record
TN:
SF:test/vault/adapter/radiant/RadiantAdapter.t.sol
FN:22,RadiantAdapterTest.setUp
FNDA:0,RadiantAdapterTest.setUp
DA:23,0
DA:24,0
DA:26,0
DA:30,0
FN:33,RadiantAdapterTest.overrideSetup
FNDA:0,RadiantAdapterTest.overrideSetup
DA:34,0
FN:37,RadiantAdapterTest._setUpTest
FNDA:0,RadiantAdapterTest._setUpTest
DA:38,0
DA:42,0
DA:45,0
DA:46,0
DA:48,0
DA:49,0
DA:51,0
DA:60,0
DA:61,0
DA:62,0
DA:63,0
DA:64,0
DA:66,0
FN:77,RadiantAdapterTest.increasePricePerShare
FNDA:0,RadiantAdapterTest.increasePricePerShare
DA:78,1025
FN:85,RadiantAdapterTest.iouBalance
FNDA:0,RadiantAdapterTest.iouBalance
DA:86,3
FN:90,RadiantAdapterTest.verify_totalAssets
FNDA:0,RadiantAdapterTest.verify_totalAssets
DA:92,1
DA:93,1
DA:94,1
DA:95,1
DA:96,1
DA:98,1
FN:109,RadiantAdapterTest.verify_adapterInit
FNDA:0,RadiantAdapterTest.verify_adapterInit
DA:110,1
DA:111,1
DA:120,1
DA:126,1
FNF:7
FNH:0
LF:30
LH:12
BRF:0
BRH:0
end_of_record
TN:
SF:test/vault/adapter/radiant/RadiantTestConfigStorage.sol
FN:26,RadiantTestConfigStorage.getTestConfig
FNDA:0,RadiantTestConfigStorage.getTestConfig
DA:27,0
FN:34,RadiantTestConfigStorage.getTestConfigLength
FNDA:0,RadiantTestConfigStorage.getTestConfigLength
DA:35,0
FN:26,RadiantTestConfigStorage.getTestConfig
FNDA:0,RadiantTestConfigStorage.getTestConfig
DA:27,0
FN:34,RadiantTestConfigStorage.getTestConfigLength
FNDA:0,RadiantTestConfigStorage.getTestConfigLength
DA:35,0
FNF:4
FNH:0
LF:4
LH:0
BRF:0
BRH:0
end_of_record
TN:
SF:test/vault/adapter/solidly/SolidlyAdapter.t.sol
FN:20,SolidlyAdapterTest.setUp
FNDA:0,SolidlyAdapterTest.setUp
DA:21,0
DA:22,0
DA:24,0
DA:28,0
FN:31,SolidlyAdapterTest.overrideSetup
FNDA:0,SolidlyAdapterTest.overrideSetup
DA:32,0
FN:35,SolidlyAdapterTest._setUpTest
FNDA:0,SolidlyAdapterTest._setUpTest
DA:36,0
DA:38,0
DA:39,0
DA:40,0
DA:41,0
DA:43,0
DA:46,0
DA:48,0
DA:57,0
DA:58,0
DA:59,0
DA:60,0
DA:61,0
DA:63,0
FN:74,SolidlyAdapterTest.increasePricePerShare
FNDA:0,SolidlyAdapterTest.increasePricePerShare
DA:75,1025
FN:83,SolidlyAdapterTest.verify_totalAssets
FNDA:0,SolidlyAdapterTest.verify_totalAssets
DA:85,1
DA:86,1
DA:87,1
DA:88,1
DA:89,1
DA:91,1
FN:98,SolidlyAdapterTest.setPermission
FNDA:0,SolidlyAdapterTest.setPermission
DA:103,0
DA:104,0
DA:105,0
DA:106,0
DA:107,0
FN:114,SolidlyAdapterTest.verify_adapterInit
FNDA:0,SolidlyAdapterTest.verify_adapterInit
DA:115,1
DA:116,1
DA:125,1
FNF:7
FNH:0
LF:34
LH:10
BRF:0
BRH:0
end_of_record
TN:
SF:test/vault/adapter/solidly/SolidlyTestConfigStorage.sol
FN:22,SolidlyTestConfigStorage.getTestConfig
FNDA:0,SolidlyTestConfigStorage.getTestConfig
DA:23,0
FN:26,SolidlyTestConfigStorage.getTestConfigLength
FNDA:0,SolidlyTestConfigStorage.getTestConfigLength
DA:27,0
FNF:2
FNH:0
LF:2
LH:0
BRF:0
BRH:0
end_of_record
TN:
SF:test/vault/adapter/stargate/lpStaking/StargateLpStakingAdapter.t.sol
FN:19,StargateLpStakingAdapterTest.setUp
FNDA:0,StargateLpStakingAdapterTest.setUp
DA:20,0
DA:21,0
DA:23,0
DA:25,0
FN:28,StargateLpStakingAdapterTest.overrideSetup
FNDA:0,StargateLpStakingAdapterTest.overrideSetup
DA:29,0
FN:32,StargateLpStakingAdapterTest._setUpTest
FNDA:0,StargateLpStakingAdapterTest._setUpTest
DA:33,0
DA:35,0
DA:37,0
DA:39,0
DA:48,0
DA:49,0
DA:50,0
DA:52,0
FN:59,StargateLpStakingAdapterTest.increasePricePerShare
FNDA:0,StargateLpStakingAdapterTest.increasePricePerShare
FN:63,StargateLpStakingAdapterTest.iouBalance
FNDA:0,StargateLpStakingAdapterTest.iouBalance
DA:64,3
DA:65,3
FN:69,StargateLpStakingAdapterTest.verify_totalAssets
FNDA:0,StargateLpStakingAdapterTest.verify_totalAssets
DA:71,1
DA:73,1
DA:74,1
DA:75,1
DA:76,1
DA:78,1
FN:89,StargateLpStakingAdapterTest.verify_adapterInit
FNDA:0,StargateLpStakingAdapterTest.verify_adapterInit
DA:90,1
DA:95,1
DA:101,1
FNF:7
FNH:0
LF:24
LH:11
BRF:0
BRH:0
end_of_record
TN:
SF:test/vault/adapter/stargate/lpStaking/StargateLpStakingTestConfigStorage.sol
FN:24,StargateLpStakingTestConfigStorage.getTestConfig
FNDA:0,StargateLpStakingTestConfigStorage.getTestConfig
DA:25,0
FN:28,StargateLpStakingTestConfigStorage.getTestConfigLength
FNDA:0,StargateLpStakingTestConfigStorage.getTestConfigLength
DA:29,0
FNF:2
FNH:0
LF:2
LH:0
BRF:0
BRH:0
end_of_record
TN:
SF:test/vault/adapter/sushi/masterChefV1/MasterChefV1TestConfigStorage.sol
FN:17,MasterChefV1TestConfigStorage.getTestConfig
FNDA:4,MasterChefV1TestConfigStorage.getTestConfig
DA:18,4
FN:21,MasterChefV1TestConfigStorage.getTestConfigLength
FNDA:2048,MasterChefV1TestConfigStorage.getTestConfigLength
DA:22,2048
FNF:2
FNH:2
LF:2
LH:2
BRF:0
BRH:0
end_of_record
TN:
SF:test/vault/adapter/sushi/masterChefV2/MasterChefV2TestConfigStorage.sol
FN:17,MasterChefV2TestConfigStorage.getTestConfig
FNDA:0,MasterChefV2TestConfigStorage.getTestConfig
DA:18,0
FN:21,MasterChefV2TestConfigStorage.getTestConfigLength
FNDA:0,MasterChefV2TestConfigStorage.getTestConfigLength
DA:22,0
FNF:2
FNH:0
LF:2
LH:0
BRF:0
BRH:0
end_of_record
TN:
SF:test/vault/adapter/velodrome/VelodromeAdapter.t.sol
FN:20,VelodromeAdapterTest.setUp
FNDA:0,VelodromeAdapterTest.setUp
DA:21,0
DA:22,0
DA:24,0
DA:28,0
FN:31,VelodromeAdapterTest.overrideSetup
FNDA:0,VelodromeAdapterTest.overrideSetup
DA:32,0
FN:35,VelodromeAdapterTest._setUpTest
FNDA:0,VelodromeAdapterTest._setUpTest
DA:36,0
DA:38,0
DA:39,0
DA:40,0
DA:41,0
DA:43,0
DA:46,0
DA:48,0
DA:57,0
DA:58,0
DA:59,0
DA:60,0
DA:61,0
DA:63,0
FN:74,VelodromeAdapterTest.increasePricePerShare
FNDA:0,VelodromeAdapterTest.increasePricePerShare
DA:75,1025
FN:83,VelodromeAdapterTest.verify_totalAssets
FNDA:0,VelodromeAdapterTest.verify_totalAssets
DA:85,1
DA:86,1
DA:87,1
DA:88,1
DA:89,1
DA:91,1
FN:98,VelodromeAdapterTest.setPermission
FNDA:0,VelodromeAdapterTest.setPermission
DA:103,0
DA:104,0
DA:105,0
DA:106,0
DA:107,0
FN:114,VelodromeAdapterTest.verify_adapterInit
FNDA:0,VelodromeAdapterTest.verify_adapterInit
DA:115,1
DA:116,1
DA:125,1
FNF:7
FNH:0
LF:34
LH:10
BRF:0
BRH:0
end_of_record
TN:
SF:test/vault/adapter/velodrome/VelodromeTestConfigStorage.sol
FN:22,VelodromeTestConfigStorage.getTestConfig
FNDA:0,VelodromeTestConfigStorage.getTestConfig
DA:23,0
FN:26,VelodromeTestConfigStorage.getTestConfigLength
FNDA:0,VelodromeTestConfigStorage.getTestConfigLength
DA:27,0
FNF:2
FNH:0
LF:2
LH:0
BRF:0
BRH:0
end_of_record
TN:
SF:test/vault/adapter/yearn/YearnTestConfigStorage.sol
FN:37,YearnTestConfigStorage.getTestConfig
FNDA:0,YearnTestConfigStorage.getTestConfig
DA:38,0
FN:41,YearnTestConfigStorage.getTestConfigLength
FNDA:0,YearnTestConfigStorage.getTestConfigLength
DA:42,0
FNF:2
FNH:0
LF:2
LH:0
BRF:0
BRH:0
end_of_record
TN:
SF:test/vault/adapter/yearn/factory/YearnFactoryTestConfigStorage.sol
FN:25,YearnFactoryTestConfigStorage.getTestConfig
FNDA:0,YearnFactoryTestConfigStorage.getTestConfig
DA:26,0
FN:29,YearnFactoryTestConfigStorage.getTestConfigLength
FNDA:0,YearnFactoryTestConfigStorage.getTestConfigLength
DA:30,0
FNF:2
FNH:0
LF:2
LH:0
BRF:0
BRH:0
end_of_record
